#
# There is insufficient memory for the Java Runtime Environment to continue.
# Native memory allocation (malloc) failed to allocate 65552 bytes for Chunk::new
# Possible reasons:
#   The system is out of physical RAM or swap space
#   In 32 bit mode, the process size limit was hit
# Possible solutions:
#   Reduce memory load on the system
#   Increase physical memory or swap space
#   Check if swap backing store is full
#   Use 64 bit Java on a 64 bit OS
#   Decrease Java heap size (-Xmx/-Xms)
#   Decrease number of Java threads
#   Decrease Java thread stack sizes (-Xss)
#   Set larger code cache with -XX:ReservedCodeCacheSize=
# This output file may be truncated or incomplete.
#
#  Out of Memory Error (allocation.cpp:390), pid=16668, tid=0x00000000000010f4
#
# JRE version: OpenJDK Runtime Environment (8.0_152-b01) (build 1.8.0_152-release-915-b01)
# Java VM: OpenJDK 64-Bit Server VM (25.152-b01 mixed mode windows-amd64 compressed oops)
# Failed to write core dump. Minidumps are not enabled by default on client versions of Windows
#

---------------  T H R E A D  ---------------

Current thread (0x00000000189c1800):  JavaThread "C2 CompilerThread1" daemon [_thread_in_native, id=4340, stack(0x000000001a110000,0x000000001a210000)]

Stack: [0x000000001a110000,0x000000001a210000]
[error occurred during error reporting (printing stack bounds), id 0xc0000005]

Native frames: (J=compiled Java code, j=interpreted, Vv=VM code, C=native code)


Current CompileTask:
C2:  83003 7454       4       com.android.ide.common.res2.NodeUtils::duplicateNode (315 bytes)


---------------  P R O C E S S  ---------------

Java Threads: ( => current thread )
  0x000000001e4e2800 JavaThread "stdout" daemon [_thread_in_native, id=4356, stack(0x0000000025d20000,0x0000000025e20000)]
  0x000000001e4e1800 JavaThread "stderr" daemon [_thread_in_native, id=12788, stack(0x0000000025c20000,0x0000000025d20000)]
  0x000000001e4e1000 JavaThread "stdout" daemon [_thread_in_native, id=1720, stack(0x0000000025b20000,0x0000000025c20000)]
  0x000000001e4e0000 JavaThread "stderr" daemon [_thread_in_native, id=14920, stack(0x0000000025a20000,0x0000000025b20000)]
  0x000000001e4d8800 JavaThread "queued-resource-processor_4" daemon [_thread_blocked, id=6264, stack(0x0000000025920000,0x0000000025a20000)]
  0x000000001e4df800 JavaThread "queued-resource-processor_3" daemon [_thread_blocked, id=12512, stack(0x0000000025820000,0x0000000025920000)]
  0x000000001e4de800 JavaThread "queued-resource-processor_2" daemon [_thread_blocked, id=2844, stack(0x0000000025720000,0x0000000025820000)]
  0x000000001e4d7000 JavaThread "queued-resource-processor_1" daemon [_thread_in_native, id=16520, stack(0x0000000025620000,0x0000000025720000)]
  0x000000001e4db800 JavaThread "Task worker for ':' Thread 3" [_thread_blocked, id=660, stack(0x0000000025520000,0x0000000025620000)]
  0x000000001e4d4000 JavaThread "Task worker for ':' Thread 2" [_thread_blocked, id=5268, stack(0x0000000025420000,0x0000000025520000)]
  0x000000001e4d7800 JavaThread "Task worker for ':'" [_thread_in_Java, id=13216, stack(0x0000000025320000,0x0000000025420000)]
  0x000000001e4da800 JavaThread "Cache worker for task history cache (C:\Users\uleho\AndroidStudioProjects\oneday\.gradle\4.1\taskHistory)" [_thread_blocked, id=14864, stack(0x0000000025220000,0x0000000025320000)]
  0x000000001e4da000 JavaThread "Cache worker for file content cache (C:\Users\uleho\AndroidStudioProjects\oneday\.gradle\4.1\fileContent)" [_thread_blocked, id=16784, stack(0x0000000023cf0000,0x0000000023df0000)]
  0x00000000212ec000 JavaThread "Memory manager" [_thread_blocked, id=15400, stack(0x0000000022ff0000,0x00000000230f0000)]
  0x00000000212f0000 JavaThread "pool-1-thread-1" [_thread_blocked, id=4108, stack(0x0000000022ef0000,0x0000000022ff0000)]
  0x00000000212ee800 JavaThread "build operations Thread 4" [_thread_blocked, id=1964, stack(0x00000000229f0000,0x0000000022af0000)]
  0x00000000212ea800 JavaThread "build operations Thread 3" [_thread_blocked, id=2072, stack(0x00000000228f0000,0x00000000229f0000)]
  0x00000000212ef000 JavaThread "build operations Thread 2" [_thread_blocked, id=15692, stack(0x00000000227f0000,0x00000000228f0000)]
  0x00000000212ed800 JavaThread "build operations" [_thread_blocked, id=9324, stack(0x00000000225f0000,0x00000000226f0000)]
  0x00000000212ea000 JavaThread "Cache worker for Artifact transforms cache (C:\Users\uleho\.gradle\caches\transforms-1)" [_thread_blocked, id=15372, stack(0x0000000020e70000,0x0000000020f70000)]
  0x000000001bc32000 JavaThread "Cache worker for file hash cache (C:\Users\uleho\AndroidStudioProjects\oneday\.gradle\4.1\fileHashes)" [_thread_blocked, id=13576, stack(0x0000000020770000,0x0000000020870000)]
  0x000000001b991800 JavaThread "File lock request listener" [_thread_in_native, id=12324, stack(0x000000001f1f0000,0x000000001f2f0000)]
  0x000000001da39800 JavaThread "Cache worker for file hash cache (C:\Users\uleho\.gradle\caches\4.1\fileHashes)" [_thread_blocked, id=5844, stack(0x000000001f0f0000,0x000000001f1f0000)]
  0x000000001b8dc000 JavaThread "Asynchronous log dispatcher for DefaultDaemonConnection: socket connection from /127.0.0.1:57950 to /127.0.0.1:57951" [_thread_blocked, id=15776, stack(0x000000001cf50000,0x000000001d050000)]
  0x000000001b8b6000 JavaThread "Daemon worker" [_thread_blocked, id=4200, stack(0x000000001ce50000,0x000000001cf50000)]
  0x000000001b8df800 JavaThread "Cancel handler" [_thread_blocked, id=14544, stack(0x000000001cd50000,0x000000001ce50000)]
  0x000000001b8a5000 JavaThread "Handler for socket connection from /127.0.0.1:57950 to /127.0.0.1:57951" [_thread_in_native, id=4688, stack(0x000000001ca50000,0x000000001cb50000)]
  0x000000001b8a4800 JavaThread "Daemon" [_thread_blocked, id=9424, stack(0x000000001c950000,0x000000001ca50000)]
  0x000000001b847800 JavaThread "Daemon periodic checks" [_thread_blocked, id=14036, stack(0x000000001c850000,0x000000001c950000)]
  0x000000001b83b000 JavaThread "Incoming local TCP Connector on port 57950" [_thread_in_native, id=6280, stack(0x000000001c620000,0x000000001c720000)]
  0x000000001a315000 JavaThread "Service Thread" daemon [_thread_blocked, id=11808, stack(0x000000001a710000,0x000000001a810000)]
  0x00000000189c2800 JavaThread "C1 CompilerThread2" daemon [_thread_blocked, id=15472, stack(0x000000001a210000,0x000000001a310000)]
=>0x00000000189c1800 JavaThread "C2 CompilerThread1" daemon [_thread_in_native, id=4340, stack(0x000000001a110000,0x000000001a210000)]
  0x00000000189ba800 JavaThread "C2 CompilerThread0" daemon [_thread_in_native, id=14964, stack(0x000000001a010000,0x000000001a110000)]
  0x00000000189b9800 JavaThread "Attach Listener" daemon [_thread_blocked, id=13560, stack(0x0000000019f10000,0x000000001a010000)]
  0x00000000189b8000 JavaThread "Signal Dispatcher" daemon [_thread_blocked, id=4468, stack(0x0000000019e10000,0x0000000019f10000)]
  0x00000000189a8800 JavaThread "Finalizer" daemon [_thread_blocked, id=11252, stack(0x0000000019c20000,0x0000000019d20000)]
  0x0000000005042000 JavaThread "Reference Handler" daemon [_thread_blocked, id=16948, stack(0x0000000019b20000,0x0000000019c20000)]
  0x0000000004dfd800 JavaThread "main" [_thread_blocked, id=900, stack(0x0000000004e50000,0x0000000004f50000)]

Other Threads:
  0x0000000018985800 VMThread [stack: 0x0000000019a20000,0x0000000019b20000] [id=12308]
  0x000000001a317000 WatcherThread [stack: 0x000000001a810000,0x000000001a910000] [id=13180]

VM state:not at safepoint (normal execution)

VM Mutex/Monitor currently owned by a thread: None

Heap:
 PSYoungGen      total 131584K, used 62023K [0x00000000e0000000, 0x00000000e9880000, 0x0000000100000000)
  eden space 120832K, 42% used [0x00000000e0000000,0x00000000e3294ba8,0x00000000e7600000)
  from space 10752K, 95% used [0x00000000e8200000,0x00000000e8bfd3d8,0x00000000e8c80000)
  to   space 12288K, 0% used [0x00000000e7600000,0x00000000e7600000,0x00000000e8200000)
 ParOldGen       total 52224K, used 25260K [0x00000000a0000000, 0x00000000a3300000, 0x00000000e0000000)
  object space 52224K, 48% used [0x00000000a0000000,0x00000000a18ab098,0x00000000a3300000)
 Metaspace       used 54519K, capacity 56230K, committed 56408K, reserved 1097728K
  class space    used 7340K, capacity 7758K, committed 7808K, reserved 1048576K

Card table byte_map: [0x0000000014410000,0x0000000014720000] byte_map_base: 0x0000000013f10000

Marking Bits: (ParMarkBitMap*) 0x00000000744c3950
 Begin Bits: [0x0000000014d20000, 0x0000000016520000)
 End Bits:   [0x0000000016520000, 0x0000000017d20000)

Polling page: 0x0000000003180000

CodeCache: size=245760Kb used=22311Kb max_used=22323Kb free=223448Kb
 bounds [0x0000000005050000, 0x0000000006640000, 0x0000000014050000]
 total_blobs=7232 nmethods=6471 adapters=672
 compilation: enabled

Compilation events (10 events):
Event: 82.768 Thread 0x00000000189c2800 7452       3       com.sun.org.apache.xerces.internal.dom.ParentNode::internalInsertBefore (661 bytes)
Event: 82.770 Thread 0x00000000189c2800 nmethod 7452 0x0000000006633e10 code [0x00000000066342a0, 0x0000000006636ef8]
Event: 82.774 Thread 0x00000000189c2800 7453       3       com.sun.org.apache.xerces.internal.dom.ParentNode::checkNormalizationAfterInsert (63 bytes)
Event: 82.774 Thread 0x00000000189c1800 7454       4       com.android.ide.common.res2.NodeUtils::duplicateNode (315 bytes)
Event: 82.775 Thread 0x00000000189c2800 nmethod 7453 0x0000000006623810 code [0x00000000066239e0, 0x0000000006624428]
Event: 82.796 Thread 0x00000000189ba800 7455       4       com.sun.org.apache.xerces.internal.dom.ElementImpl::synchronizeData (34 bytes)
Event: 82.800 Thread 0x00000000189ba800 nmethod 7455 0x0000000006623410 code [0x0000000006623560, 0x0000000006623688]
Event: 82.800 Thread 0x00000000189ba800 7456       4       com.sun.org.apache.xerces.internal.dom.CoreDocumentImpl::createElement (47 bytes)
Event: 82.810 Thread 0x00000000189ba800 nmethod 7456 0x000000000662c510 code [0x000000000662c660, 0x000000000662ca58]
Event: 82.887 Thread 0x00000000189ba800 7457       4       com.android.utils.XmlUtils::append (540 bytes)

GC Heap History (10 events):
Event: 17.028 GC heap before
{Heap before GC invocations=12 (full 1):
 PSYoungGen      total 82944K, used 43100K [0x00000000e0000000, 0x00000000e6000000, 0x0000000100000000)
  eden space 74240K, 51% used [0x00000000e0000000,0x00000000e24fbbf0,0x00000000e4880000)
  from space 8704K, 60% used [0x00000000e5080000,0x00000000e559b7c0,0x00000000e5900000)
  to   space 8192K, 0% used [0x00000000e4880000,0x00000000e4880000,0x00000000e5080000)
 ParOldGen       total 35328K, used 12111K [0x00000000a0000000, 0x00000000a2280000, 0x00000000e0000000)
  object space 35328K, 34% used [0x00000000a0000000,0x00000000a0bd3cf0,0x00000000a2280000)
 Metaspace       used 34502K, capacity 35232K, committed 35416K, reserved 1079296K
  class space    used 4685K, capacity 4964K, committed 4992K, reserved 1048576K
Event: 17.042 GC heap after
Heap after GC invocations=12 (full 1):
 PSYoungGen      total 82432K, used 4571K [0x00000000e0000000, 0x00000000e6e00000, 0x0000000100000000)
  eden space 74240K, 0% used [0x00000000e0000000,0x00000000e0000000,0x00000000e4880000)
  from space 8192K, 55% used [0x00000000e4880000,0x00000000e4cf6e68,0x00000000e5080000)
  to   space 8192K, 0% used [0x00000000e6600000,0x00000000e6600000,0x00000000e6e00000)
 ParOldGen       total 35328K, used 15480K [0x00000000a0000000, 0x00000000a2280000, 0x00000000e0000000)
  object space 35328K, 43% used [0x00000000a0000000,0x00000000a0f1e2b0,0x00000000a2280000)
 Metaspace       used 34502K, capacity 35232K, committed 35416K, reserved 1079296K
  class space    used 4685K, capacity 4964K, committed 4992K, reserved 1048576K
}
Event: 17.042 GC heap before
{Heap before GC invocations=13 (full 2):
 PSYoungGen      total 82432K, used 4571K [0x00000000e0000000, 0x00000000e6e00000, 0x0000000100000000)
  eden space 74240K, 0% used [0x00000000e0000000,0x00000000e0000000,0x00000000e4880000)
  from space 8192K, 55% used [0x00000000e4880000,0x00000000e4cf6e68,0x00000000e5080000)
  to   space 8192K, 0% used [0x00000000e6600000,0x00000000e6600000,0x00000000e6e00000)
 ParOldGen       total 35328K, used 15480K [0x00000000a0000000, 0x00000000a2280000, 0x00000000e0000000)
  object space 35328K, 43% used [0x00000000a0000000,0x00000000a0f1e2b0,0x00000000a2280000)
 Metaspace       used 34502K, capacity 35232K, committed 35416K, reserved 1079296K
  class space    used 4685K, capacity 4964K, committed 4992K, reserved 1048576K
Event: 17.196 GC heap after
Heap after GC invocations=13 (full 2):
 PSYoungGen      total 82432K, used 0K [0x00000000e0000000, 0x00000000e6e00000, 0x0000000100000000)
  eden space 74240K, 0% used [0x00000000e0000000,0x00000000e0000000,0x00000000e4880000)
  from space 8192K, 0% used [0x00000000e4880000,0x00000000e4880000,0x00000000e5080000)
  to   space 8192K, 0% used [0x00000000e6600000,0x00000000e6600000,0x00000000e6e00000)
 ParOldGen       total 52224K, used 15699K [0x00000000a0000000, 0x00000000a3300000, 0x00000000e0000000)
  object space 52224K, 30% used [0x00000000a0000000,0x00000000a0f54e08,0x00000000a3300000)
 Metaspace       used 34502K, capacity 35232K, committed 35416K, reserved 1079296K
  class space    used 4685K, capacity 4964K, committed 4992K, reserved 1048576K
}
Event: 22.509 GC heap before
{Heap before GC invocations=14 (full 2):
 PSYoungGen      total 82432K, used 74240K [0x00000000e0000000, 0x00000000e6e00000, 0x0000000100000000)
  eden space 74240K, 100% used [0x00000000e0000000,0x00000000e4880000,0x00000000e4880000)
  from space 8192K, 0% used [0x00000000e4880000,0x00000000e4880000,0x00000000e5080000)
  to   space 8192K, 0% used [0x00000000e6600000,0x00000000e6600000,0x00000000e6e00000)
 ParOldGen       total 52224K, used 15699K [0x00000000a0000000, 0x00000000a3300000, 0x00000000e0000000)
  object space 52224K, 30% used [0x00000000a0000000,0x00000000a0f54e08,0x00000000a3300000)
 Metaspace       used 40323K, capacity 41140K, committed 41560K, reserved 1085440K
  class space    used 5363K, capacity 5668K, committed 5760K, reserved 1048576K
Event: 22.563 GC heap after
Heap after GC invocations=14 (full 2):
 PSYoungGen      total 103936K, used 6885K [0x00000000e0000000, 0x00000000e6e80000, 0x0000000100000000)
  eden space 95744K, 0% used [0x00000000e0000000,0x00000000e0000000,0x00000000e5d80000)
  from space 8192K, 84% used [0x00000000e6600000,0x00000000e6cb9728,0x00000000e6e00000)
  to   space 8704K, 0% used [0x00000000e5d80000,0x00000000e5d80000,0x00000000e6600000)
 ParOldGen       total 52224K, used 15707K [0x00000000a0000000, 0x00000000a3300000, 0x00000000e0000000)
  object space 52224K, 30% used [0x00000000a0000000,0x00000000a0f56e08,0x00000000a3300000)
 Metaspace       used 40323K, capacity 41140K, committed 41560K, reserved 1085440K
  class space    used 5363K, capacity 5668K, committed 5760K, reserved 1048576K
}
Event: 49.138 GC heap before
{Heap before GC invocations=15 (full 2):
 PSYoungGen      total 103936K, used 102629K [0x00000000e0000000, 0x00000000e6e80000, 0x0000000100000000)
  eden space 95744K, 100% used [0x00000000e0000000,0x00000000e5d80000,0x00000000e5d80000)
  from space 8192K, 84% used [0x00000000e6600000,0x00000000e6cb9728,0x00000000e6e00000)
  to   space 8704K, 0% used [0x00000000e5d80000,0x00000000e5d80000,0x00000000e6600000)
 ParOldGen       total 52224K, used 15707K [0x00000000a0000000, 0x00000000a3300000, 0x00000000e0000000)
  object space 52224K, 30% used [0x00000000a0000000,0x00000000a0f56e08,0x00000000a3300000)
 Metaspace       used 46304K, capacity 47284K, committed 47448K, reserved 1089536K
  class space    used 6172K, capacity 6517K, committed 6528K, reserved 1048576K
Event: 49.475 GC heap after
Heap after GC invocations=15 (full 2):
 PSYoungGen      total 104448K, used 8674K [0x00000000e0000000, 0x00000000e8c80000, 0x0000000100000000)
  eden space 95744K, 0% used [0x00000000e0000000,0x00000000e0000000,0x00000000e5d80000)
  from space 8704K, 99% used [0x00000000e5d80000,0x00000000e65f8990,0x00000000e6600000)
  to   space 10752K, 0% used [0x00000000e8200000,0x00000000e8200000,0x00000000e8c80000)
 ParOldGen       total 52224K, used 19511K [0x00000000a0000000, 0x00000000a3300000, 0x00000000e0000000)
  object space 52224K, 37% used [0x00000000a0000000,0x00000000a130dfb0,0x00000000a3300000)
 Metaspace       used 46304K, capacity 47284K, committed 47448K, reserved 1089536K
  class space    used 6172K, capacity 6517K, committed 6528K, reserved 1048576K
}
Event: 62.455 GC heap before
{Heap before GC invocations=16 (full 2):
 PSYoungGen      total 104448K, used 104418K [0x00000000e0000000, 0x00000000e8c80000, 0x0000000100000000)
  eden space 95744K, 100% used [0x00000000e0000000,0x00000000e5d80000,0x00000000e5d80000)
  from space 8704K, 99% used [0x00000000e5d80000,0x00000000e65f8990,0x00000000e6600000)
  to   space 10752K, 0% used [0x00000000e8200000,0x00000000e8200000,0x00000000e8c80000)
 ParOldGen       total 52224K, used 19511K [0x00000000a0000000, 0x00000000a3300000, 0x00000000e0000000)
  object space 52224K, 37% used [0x00000000a0000000,0x00000000a130dfb0,0x00000000a3300000)
 Metaspace       used 52930K, capacity 54676K, committed 55000K, reserved 1097728K
  class space    used 7171K, capacity 7589K, committed 7680K, reserved 1048576K
Event: 63.455 GC heap after
Heap after GC invocations=16 (full 2):
 PSYoungGen      total 131584K, used 10228K [0x00000000e0000000, 0x00000000e9880000, 0x0000000100000000)
  eden space 120832K, 0% used [0x00000000e0000000,0x00000000e0000000,0x00000000e7600000)
  from space 10752K, 95% used [0x00000000e8200000,0x00000000e8bfd3d8,0x00000000e8c80000)
  to   space 12288K, 0% used [0x00000000e7600000,0x00000000e7600000,0x00000000e8200000)
 ParOldGen       total 52224K, used 25260K [0x00000000a0000000, 0x00000000a3300000, 0x00000000e0000000)
  object space 52224K, 48% used [0x00000000a0000000,0x00000000a18ab098,0x00000000a3300000)
 Metaspace       used 52930K, capacity 54676K, committed 55000K, reserved 1097728K
  class space    used 7171K, capacity 7589K, committed 7680K, reserved 1048576K
}

Deoptimization events (10 events):
Event: 82.390 Thread 0x000000001e4d7800 Uncommon trap: reason=bimorphic action=maybe_recompile pc=0x00000000065ea990 method=com.sun.org.apache.xerces.internal.dom.NodeImpl.ownerDocument()Lcom/sun/org/apache/xerces/internal/dom/CoreDocumentImpl; @ 11
Event: 82.390 Thread 0x000000001e4d7800 Uncommon trap: reason=bimorphic action=maybe_recompile pc=0x00000000065ea990 method=com.sun.org.apache.xerces.internal.dom.NodeImpl.ownerDocument()Lcom/sun/org/apache/xerces/internal/dom/CoreDocumentImpl; @ 11
Event: 82.393 Thread 0x000000001e4d7800 Uncommon trap: reason=null_check action=make_not_entrant pc=0x00000000065a092c method=com.android.ide.common.res2.NodeUtils.processSingleNodeNamespace(Lorg/w3c/dom/Node;Lorg/w3c/dom/Document;)Z @ 8
Event: 82.394 Thread 0x000000001e4d7800 Uncommon trap: reason=bimorphic action=maybe_recompile pc=0x00000000065ea990 method=com.sun.org.apache.xerces.internal.dom.NodeImpl.ownerDocument()Lcom/sun/org/apache/xerces/internal/dom/CoreDocumentImpl; @ 11
Event: 82.394 Thread 0x000000001e4d7800 Uncommon trap: reason=bimorphic action=maybe_recompile pc=0x00000000065ea990 method=com.sun.org.apache.xerces.internal.dom.NodeImpl.ownerDocument()Lcom/sun/org/apache/xerces/internal/dom/CoreDocumentImpl; @ 11
Event: 82.396 Thread 0x000000001e4d7800 Uncommon trap: reason=class_check action=maybe_recompile pc=0x0000000005c6fa94 method=com.sun.org.apache.xerces.internal.dom.NodeImpl.ownerDocument()Lcom/sun/org/apache/xerces/internal/dom/CoreDocumentImpl; @ 11
Event: 82.399 Thread 0x000000001e4d7800 Uncommon trap: reason=class_check action=maybe_recompile pc=0x0000000005c6fa94 method=com.sun.org.apache.xerces.internal.dom.NodeImpl.ownerDocument()Lcom/sun/org/apache/xerces/internal/dom/CoreDocumentImpl; @ 11
Event: 82.402 Thread 0x000000001e4d7800 Uncommon trap: reason=class_check action=maybe_recompile pc=0x0000000005c6fa94 method=com.sun.org.apache.xerces.internal.dom.NodeImpl.ownerDocument()Lcom/sun/org/apache/xerces/internal/dom/CoreDocumentImpl; @ 11
Event: 82.746 Thread 0x000000001e4d7800 Uncommon trap: reason=unstable_if action=reinterpret pc=0x0000000006626104 method=com.sun.org.apache.xerces.internal.dom.ParentNode.checkNormalizationAfterInsert(Lcom/sun/org/apache/xerces/internal/dom/ChildNode;)V @ 27
Event: 82.752 Thread 0x000000001e4d7800 Uncommon trap: reason=unstable_if action=reinterpret pc=0x0000000006622660 method=com.sun.org.apache.xerces.internal.dom.ParentNode.checkNormalizationAfterInsert(Lcom/sun/org/apache/xerces/internal/dom/ChildNode;)V @ 27

Classes redefined (0 events):
No events

Internal exceptions (10 events):
Event: 57.452 Thread 0x000000001b8b6000 Exception <a 'java/lang/ClassNotFoundException': org/gradle/platform/base/BinaryContainer_ImplCustomizer> (0x00000000e39650f8) thrown at [D:\src\AOSP-openjdk-cygwin\jdk8u\hotspot\src\share\vm\classfile\systemDictionary.cpp, line 210]
Event: 58.300 Thread 0x000000001e4d7800 Exception <a 'java/lang/NoSuchMethodError': <clinit>> (0x00000000e41a2450) thrown at [D:\src\AOSP-openjdk-cygwin\jdk8u\hotspot\src\share\vm\prims\jni.cpp, line 1613]
Event: 58.308 Thread 0x000000001e4d7800 Exception <a 'java/lang/NoSuchMethodError': <clinit>> (0x00000000e41ad6d0) thrown at [D:\src\AOSP-openjdk-cygwin\jdk8u\hotspot\src\share\vm\prims\jni.cpp, line 1613]
Event: 58.393 Thread 0x000000001e4d7800 Exception <a 'java/lang/NoSuchMethodError': <clinit>> (0x00000000e43351f8) thrown at [D:\src\AOSP-openjdk-cygwin\jdk8u\hotspot\src\share\vm\prims\jni.cpp, line 1613]
Event: 58.397 Thread 0x000000001e4d7800 Exception <a 'java/lang/NoSuchMethodError': <clinit>> (0x00000000e4348000) thrown at [D:\src\AOSP-openjdk-cygwin\jdk8u\hotspot\src\share\vm\prims\jni.cpp, line 1613]
Event: 58.397 Thread 0x000000001e4d7800 Exception <a 'java/lang/NoSuchMethodError': <clinit>> (0x00000000e43498b0) thrown at [D:\src\AOSP-openjdk-cygwin\jdk8u\hotspot\src\share\vm\prims\jni.cpp, line 1613]
Event: 60.560 Thread 0x00000000212ee800 Implicit null exception at 0x00000000054c8c30 to 0x00000000054c8ee5
Event: 64.776 Thread 0x000000001e4d7800 Implicit null exception at 0x0000000005c6634d to 0x0000000005c66f5d
Event: 65.549 Thread 0x000000001e4d7800 Implicit null exception at 0x0000000005a9e622 to 0x0000000005a9fb51
Event: 82.392 Thread 0x000000001e4d7800 Implicit null exception at 0x00000000065a07d7 to 0x00000000065a091b

Events (10 events):
Event: 82.400 Thread 0x000000001e4d7800 DEOPT UNPACKING pc=0x000000000509556a sp=0x000000002541cf40 mode 2
Event: 82.402 Thread 0x000000001e4d7800 Uncommon trap: trap_request=0xffffffde fr.pc=0x0000000005c6fa94
Event: 82.402 Thread 0x000000001e4d7800 DEOPT PACKING pc=0x0000000005c6fa94 sp=0x000000002541cfb0
Event: 82.402 Thread 0x000000001e4d7800 DEOPT UNPACKING pc=0x000000000509556a sp=0x000000002541ceb0 mode 2
Event: 82.746 Thread 0x000000001e4d7800 Uncommon trap: trap_request=0xffffff65 fr.pc=0x0000000006626104
Event: 82.746 Thread 0x000000001e4d7800 DEOPT PACKING pc=0x0000000006626104 sp=0x000000002541d040
Event: 82.746 Thread 0x000000001e4d7800 DEOPT UNPACKING pc=0x000000000509556a sp=0x000000002541cf58 mode 2
Event: 82.752 Thread 0x000000001e4d7800 Uncommon trap: trap_request=0xffffff65 fr.pc=0x0000000006622660
Event: 82.752 Thread 0x000000001e4d7800 DEOPT PACKING pc=0x0000000006622660 sp=0x000000002541cfb0
Event: 82.752 Thread 0x000000001e4d7800 DEOPT UNPACKING pc=0x000000000509556a sp=0x000000002541cf40 mode 2


Dynamic libraries:
0x00007ff6d0180000 - 0x00007ff6d01b1000 	C:\Program Files\Android\Android Studio1\jre\bin\java.exe
0x00007fff707f0000 - 0x00007fff709d0000 	C:\WINDOWS\SYSTEM32\ntdll.dll
0x00007fff6fe00000 - 0x00007fff6feae000 	C:\WINDOWS\System32\KERNEL32.DLL
0x00007fff6ce80000 - 0x00007fff6d0e6000 	C:\WINDOWS\System32\KERNELBASE.dll
0x00007fff6f140000 - 0x00007fff6f1e1000 	C:\WINDOWS\System32\ADVAPI32.dll
0x00007fff6f690000 - 0x00007fff6f72d000 	C:\WINDOWS\System32\msvcrt.dll
0x00007fff70300000 - 0x00007fff7035b000 	C:\WINDOWS\System32\sechost.dll
0x00007fff706a0000 - 0x00007fff707bf000 	C:\WINDOWS\System32\RPCRT4.dll
0x00007fff6f810000 - 0x00007fff6f99f000 	C:\WINDOWS\System32\USER32.dll
0x00007fff6d370000 - 0x00007fff6d390000 	C:\WINDOWS\System32\win32u.dll
0x00007fff70360000 - 0x00007fff70388000 	C:\WINDOWS\System32\GDI32.dll
0x00007fff6cce0000 - 0x00007fff6ce73000 	C:\WINDOWS\System32\gdi32full.dll
0x00007fff6cc40000 - 0x00007fff6ccdb000 	C:\WINDOWS\System32\msvcp_win.dll
0x00007fff6db60000 - 0x00007fff6dc56000 	C:\WINDOWS\System32\ucrtbase.dll
0x00007fff5dfe0000 - 0x00007fff5e249000 	C:\WINDOWS\WinSxS\amd64_microsoft.windows.common-controls_6595b64144ccf1df_6.0.16299.125_none_15cbcf8893620c09\COMCTL32.dll
0x00007fff70390000 - 0x00007fff70698000 	C:\WINDOWS\System32\combase.dll
0x00007fff6dae0000 - 0x00007fff6db52000 	C:\WINDOWS\System32\bcryptPrimitives.dll
0x00007fff6dcc0000 - 0x00007fff6dced000 	C:\WINDOWS\System32\IMM32.DLL
0x0000000075cf0000 - 0x0000000075dc2000 	C:\Program Files\Android\Android Studio1\jre\jre\bin\msvcr100.dll
0x0000000073d00000 - 0x000000007453e000 	C:\Program Files\Android\Android Studio1\jre\jre\bin\server\jvm.dll
0x00007fff6f800000 - 0x00007fff6f808000 	C:\WINDOWS\System32\PSAPI.DLL
0x00007fff664b0000 - 0x00007fff664d3000 	C:\WINDOWS\SYSTEM32\WINMM.dll
0x00007fff67500000 - 0x00007fff67509000 	C:\WINDOWS\SYSTEM32\WSOCK32.dll
0x00007fff5c950000 - 0x00007fff5c95a000 	C:\WINDOWS\SYSTEM32\VERSION.dll
0x00007fff65d20000 - 0x00007fff65d4a000 	C:\WINDOWS\SYSTEM32\winmmbase.dll
0x00007fff6cbf0000 - 0x00007fff6cc3a000 	C:\WINDOWS\System32\cfgmgr32.dll
0x00007fff6f730000 - 0x00007fff6f79c000 	C:\WINDOWS\System32\ws2_32.DLL
0x00007fff5eb10000 - 0x00007fff5eb1f000 	C:\Program Files\Android\Android Studio1\jre\jre\bin\verify.dll
0x00007fff5d390000 - 0x00007fff5d3b9000 	C:\Program Files\Android\Android Studio1\jre\jre\bin\java.dll
0x00007fff5cbc0000 - 0x00007fff5cbd6000 	C:\Program Files\Android\Android Studio1\jre\jre\bin\zip.dll
0x00007fff6dd00000 - 0x00007fff6f136000 	C:\WINDOWS\System32\SHELL32.dll
0x00007fff6fd50000 - 0x00007fff6fdf6000 	C:\WINDOWS\System32\shcore.dll
0x00007fff6d390000 - 0x00007fff6dad7000 	C:\WINDOWS\System32\windows.storage.dll
0x00007fff6f1f0000 - 0x00007fff6f241000 	C:\WINDOWS\System32\shlwapi.dll
0x00007fff6cb40000 - 0x00007fff6cb51000 	C:\WINDOWS\System32\kernel.appcore.dll
0x00007fff6cb60000 - 0x00007fff6cbac000 	C:\WINDOWS\System32\powrprof.dll
0x00007fff6cbd0000 - 0x00007fff6cbeb000 	C:\WINDOWS\System32\profapi.dll
0x00007fff5c090000 - 0x00007fff5c0aa000 	C:\Program Files\Android\Android Studio1\jre\jre\bin\net.dll
0x00007fff6c3d0000 - 0x00007fff6c436000 	C:\WINDOWS\system32\mswsock.dll
0x00007fff5c070000 - 0x00007fff5c081000 	C:\Program Files\Android\Android Studio1\jre\jre\bin\nio.dll
0x00007fff5d520000 - 0x00007fff5d53e000 	C:\Users\uleho\.gradle\native\25\windows-amd64\native-platform.dll
0x00007fff5d500000 - 0x00007fff5d50d000 	C:\Program Files\Android\Android Studio1\jre\jre\bin\management.dll
0x00007fff6c590000 - 0x00007fff6c5a7000 	C:\WINDOWS\SYSTEM32\CRYPTSP.dll
0x00007fff6bfe0000 - 0x00007fff6c013000 	C:\WINDOWS\system32\rsaenh.dll
0x00007fff6c6a0000 - 0x00007fff6c6c5000 	C:\WINDOWS\SYSTEM32\bcrypt.dll
0x00007fff6ca40000 - 0x00007fff6ca69000 	C:\WINDOWS\SYSTEM32\USERENV.dll
0x00007fff6c5b0000 - 0x00007fff6c5bb000 	C:\WINDOWS\SYSTEM32\CRYPTBASE.dll
0x00007fff6c160000 - 0x00007fff6c199000 	C:\WINDOWS\SYSTEM32\IPHLPAPI.DLL
0x00007fff6dcf0000 - 0x00007fff6dcf8000 	C:\WINDOWS\System32\NSI.dll
0x00007fff6a330000 - 0x00007fff6a346000 	C:\WINDOWS\SYSTEM32\dhcpcsvc6.DLL
0x00007fff6a310000 - 0x00007fff6a32a000 	C:\WINDOWS\SYSTEM32\dhcpcsvc.DLL

VM Arguments:
jvm_args: -Xmx1536m -Dfile.encoding=windows-1250 -Duser.country=CZ -Duser.language=cs -Duser.variant 
java_command: org.gradle.launcher.daemon.bootstrap.GradleDaemon 4.1
java_class_path (initial): C:\Users\uleho\.gradle\wrapper\dists\gradle-4.1-all\bzyivzo6n839fup2jbap0tjew\gradle-4.1\lib\gradle-launcher-4.1.jar
Launcher Type: SUN_STANDARD

Environment Variables:
PATH=C:\ProgramData\Oracle\Java\javapath;C:\WINDOWS\system32;C:\WINDOWS;C:\WINDOWS\System32\Wbem;C:\WINDOWS\System32\WindowsPowerShell\v1.0\;C:\Program Files (x86)\Skype\Phone\;C:\Program Files\Git\cmd;C:\Users\uleho\AppData\Local\Microsoft\WindowsApps;
USERNAME=uLeho
OS=Windows_NT
PROCESSOR_IDENTIFIER=Intel64 Family 6 Model 78 Stepping 3, GenuineIntel



---------------  S Y S T E M  ---------------

OS: Windows 10.0 , 64 bit Build 16299 (10.0.16299.15)

CPU:total 4 (initial active 4) (2 cores per cpu, 2 threads per core) family 6 model 78 stepping 3, cmov, cx8, fxsr, mmx, sse, sse2, sse3, ssse3, sse4.1, sse4.2, popcnt, avx, avx2, aes, clmul, erms, 3dnowpref, lzcnt, ht, tsc, tscinvbit, bmi1, bmi2, adx

Memory: 4k page, physical 4074592k(75804k free), swap 16657504k(0k free)

vm_info: OpenJDK 64-Bit Server VM (25.152-b01) for windows-amd64 JRE (1.8.0_152-release-915-b01), built by "builder" with MS VC++ 10.0 (VS2010)

time: Fri Jan 12 08:08:53 2018
elapsed time: 83 seconds (0d 0h 1m 23s)

