#
# There is insufficient memory for the Java Runtime Environment to continue.
# Native memory allocation (malloc) failed to allocate 32744 bytes for ChunkPool::allocate
# Possible reasons:
#   The system is out of physical RAM or swap space
#   In 32 bit mode, the process size limit was hit
# Possible solutions:
#   Reduce memory load on the system
#   Increase physical memory or swap space
#   Check if swap backing store is full
#   Use 64 bit Java on a 64 bit OS
#   Decrease Java heap size (-Xmx/-Xms)
#   Decrease number of Java threads
#   Decrease Java thread stack sizes (-Xss)
#   Set larger code cache with -XX:ReservedCodeCacheSize=
# This output file may be truncated or incomplete.
#
#  Out of Memory Error (allocation.cpp:273), pid=8400, tid=0x0000000000001c74
#
# JRE version: OpenJDK Runtime Environment (8.0_152-b01) (build 1.8.0_152-release-915-b01)
# Java VM: OpenJDK 64-Bit Server VM (25.152-b01 mixed mode windows-amd64 compressed oops)
# Failed to write core dump. Minidumps are not enabled by default on client versions of Windows
#

---------------  T H R E A D  ---------------

Current thread (0x0000000017fc4800):  JavaThread "C2 CompilerThread1" daemon [_thread_in_native, id=7284, stack(0x0000000019710000,0x0000000019810000)]

Stack: [0x0000000019710000,0x0000000019810000]
[error occurred during error reporting (printing stack bounds), id 0xc0000005]

Native frames: (J=compiled Java code, j=interpreted, Vv=VM code, C=native code)


Current CompileTask:
C2:  26472 3828   !   4       java.net.URLClassLoader$1::run (63 bytes)


---------------  P R O C E S S  ---------------

Java Threads: ( => current thread )
  0x000000001bef5000 JavaThread "pool-1-thread-1" [_thread_blocked, id=16148, stack(0x0000000022500000,0x0000000022600000)]
  0x000000001bef3800 JavaThread "build operations Thread 4" [_thread_blocked, id=8112, stack(0x0000000022000000,0x0000000022100000)]
  0x000000001bef1000 JavaThread "build operations Thread 3" [_thread_blocked, id=7476, stack(0x0000000021f00000,0x0000000022000000)]
  0x000000001bef2000 JavaThread "build operations Thread 2" [_thread_blocked, id=17412, stack(0x0000000021e00000,0x0000000021f00000)]
  0x000000001bef4000 JavaThread "build operations" [_thread_blocked, id=5484, stack(0x0000000021550000,0x0000000021650000)]
  0x000000001bef5800 JavaThread "Cache worker for Artifact transforms cache (C:\Users\uleho\.gradle\caches\transforms-1)" [_thread_blocked, id=13936, stack(0x0000000021450000,0x0000000021550000)]
  0x000000001bb11800 JavaThread "Cache worker for file hash cache (C:\Users\uleho\AndroidStudioProjects\oneday\.gradle\4.1\fileHashes)" [_thread_blocked, id=16812, stack(0x000000001db50000,0x000000001dc50000)]
  0x000000001af07000 JavaThread "File lock request listener" [_thread_in_native, id=17436, stack(0x000000001d850000,0x000000001d950000)]
  0x000000001af0f000 JavaThread "Cache worker for file hash cache (C:\Users\uleho\.gradle\caches\4.1\fileHashes)" [_thread_blocked, id=1824, stack(0x000000001d750000,0x000000001d850000)]
  0x000000001ae6a800 JavaThread "Stdin handler" [_thread_blocked, id=14640, stack(0x000000001d650000,0x000000001d750000)]
  0x000000001ae69000 JavaThread "Asynchronous log dispatcher for DefaultDaemonConnection: socket connection from /127.0.0.1:57969 to /127.0.0.1:57970" [_thread_blocked, id=8676, stack(0x000000001d550000,0x000000001d650000)]
  0x000000001ae71800 JavaThread "Daemon worker" [_thread_in_vm, id=556, stack(0x000000001d450000,0x000000001d550000)]
  0x000000001ae62000 JavaThread "Cancel handler" [_thread_blocked, id=336, stack(0x000000001d350000,0x000000001d450000)]
  0x000000001aa0d000 JavaThread "Handler for socket connection from /127.0.0.1:57969 to /127.0.0.1:57970" [_thread_in_native, id=13352, stack(0x000000001d050000,0x000000001d150000)]
  0x000000001aa0c800 JavaThread "Daemon" [_thread_blocked, id=15524, stack(0x000000001cf50000,0x000000001d050000)]
  0x000000001ae98800 JavaThread "Daemon periodic checks" [_thread_blocked, id=18220, stack(0x000000001ce50000,0x000000001cf50000)]
  0x000000001a98b800 JavaThread "Incoming local TCP Connector on port 57969" [_thread_in_native, id=14744, stack(0x000000001b6e0000,0x000000001b7e0000)]
  0x0000000019938800 JavaThread "Service Thread" daemon [_thread_blocked, id=17976, stack(0x0000000019d10000,0x0000000019e10000)]
  0x0000000017fc8000 JavaThread "C1 CompilerThread2" daemon [_thread_blocked, id=13580, stack(0x0000000019810000,0x0000000019910000)]
=>0x0000000017fc4800 JavaThread "C2 CompilerThread1" daemon [_thread_in_native, id=7284, stack(0x0000000019710000,0x0000000019810000)]
  0x0000000017fc1800 JavaThread "C2 CompilerThread0" daemon [_thread_in_native, id=15944, stack(0x0000000019610000,0x0000000019710000)]
  0x0000000017fbc800 JavaThread "Attach Listener" daemon [_thread_blocked, id=17812, stack(0x0000000019510000,0x0000000019610000)]
  0x0000000017fbb000 JavaThread "Signal Dispatcher" daemon [_thread_blocked, id=12504, stack(0x0000000019410000,0x0000000019510000)]
  0x0000000017fa8800 JavaThread "Finalizer" daemon [_thread_blocked, id=10144, stack(0x0000000019220000,0x0000000019320000)]
  0x00000000045e2000 JavaThread "Reference Handler" daemon [_thread_blocked, id=13564, stack(0x0000000019120000,0x0000000019220000)]
  0x000000000464d800 JavaThread "main" [_thread_blocked, id=15080, stack(0x00000000043b0000,0x00000000044b0000)]

Other Threads:
  0x0000000017f85800 VMThread [stack: 0x0000000019020000,0x0000000019120000] [id=14864]
  0x000000001801d800 WatcherThread [stack: 0x0000000019e10000,0x0000000019f10000] [id=18328]

VM state:not at safepoint (normal execution)

VM Mutex/Monitor currently owned by a thread: None

Heap:
 PSYoungGen      total 85504K, used 10609K [0x00000000e0000000, 0x00000000e7800000, 0x0000000100000000)
  eden space 77312K, 13% used [0x00000000e0000000,0x00000000e0a5c458,0x00000000e4b80000)
  from space 8192K, 0% used [0x00000000e4b80000,0x00000000e4b80000,0x00000000e5380000)
  to   space 7680K, 0% used [0x00000000e7080000,0x00000000e7080000,0x00000000e7800000)
 ParOldGen       total 52224K, used 15696K [0x00000000a0000000, 0x00000000a3300000, 0x00000000e0000000)
  object space 52224K, 30% used [0x00000000a0000000,0x00000000a0f54180,0x00000000a3300000)
 Metaspace       used 35985K, capacity 36664K, committed 37080K, reserved 1081344K
  class space    used 4857K, capacity 5100K, committed 5120K, reserved 1048576K

Card table byte_map: [0x0000000013a10000,0x0000000013d20000] byte_map_base: 0x0000000013510000

Marking Bits: (ParMarkBitMap*) 0x00000000744c3950
 Begin Bits: [0x0000000014320000, 0x0000000015b20000)
 End Bits:   [0x0000000015b20000, 0x0000000017320000)

Polling page: 0x00000000003f0000

CodeCache: size=245760Kb used=11885Kb max_used=11951Kb free=233874Kb
 bounds [0x0000000004650000, 0x0000000005220000, 0x0000000013650000]
 total_blobs=4033 nmethods=3331 adapters=614
 compilation: enabled

Compilation events (10 events):
Event: 25.718 Thread 0x0000000017fc8000 3830       3       java.lang.reflect.Constructor::acquireConstructorAccessor (44 bytes)
Event: 25.719 Thread 0x0000000017fc8000 nmethod 3830 0x0000000004b71910 code [0x0000000004b71aa0, 0x0000000004b720f8]
Event: 25.903 Thread 0x0000000017fc8000 3832       3       java.lang.invoke.InvokerBytecodeGenerator::emitStaticInvoke (246 bytes)
Event: 25.905 Thread 0x0000000017fc8000 nmethod 3832 0x0000000004fec150 code [0x0000000004fec500, 0x0000000004fee818]
Event: 25.906 Thread 0x0000000017fc8000 3833       3       java.lang.invoke.InvokerBytecodeGenerator::refKindOpcode (112 bytes)
Event: 25.906 Thread 0x0000000017fc8000 nmethod 3833 0x0000000004feb2d0 code [0x0000000004feb4c0, 0x0000000004febd98]
Event: 25.912 Thread 0x0000000017fc8000 3835       3       jdk.internal.org.objectweb.asm.MethodVisitor::<init> (35 bytes)
Event: 25.913 Thread 0x0000000017fc8000 nmethod 3835 0x0000000004fead50 code [0x0000000004feaec0, 0x0000000004feb1c8]
Event: 25.913 Thread 0x0000000017fc8000 3837       3       java.lang.invoke.LambdaForm::signatureArity (28 bytes)
Event: 25.914 Thread 0x0000000017fc8000 nmethod 3837 0x0000000004b50b10 code [0x0000000004b50c80, 0x0000000004b50f68]

GC Heap History (10 events):
Event: 10.131 GC heap before
{Heap before GC invocations=9 (full 1):
 PSYoungGen      total 38400K, used 32256K [0x00000000e0000000, 0x00000000e4e00000, 0x0000000100000000)
  eden space 32256K, 100% used [0x00000000e0000000,0x00000000e1f80000,0x00000000e1f80000)
  from space 6144K, 0% used [0x00000000e1f80000,0x00000000e1f80000,0x00000000e2580000)
  to   space 7680K, 0% used [0x00000000e4680000,0x00000000e4680000,0x00000000e4e00000)
 ParOldGen       total 33280K, used 8583K [0x00000000a0000000, 0x00000000a2080000, 0x00000000e0000000)
  object space 33280K, 25% used [0x00000000a0000000,0x00000000a0861c78,0x00000000a2080000)
 Metaspace       used 23525K, capacity 23978K, committed 24192K, reserved 1071104K
  class space    used 3195K, capacity 3340K, committed 3456K, reserved 1048576K
Event: 10.139 GC heap after
Heap after GC invocations=9 (full 1):
 PSYoungGen      total 58368K, used 3957K [0x00000000e0000000, 0x00000000e4a80000, 0x0000000100000000)
  eden space 54272K, 0% used [0x00000000e0000000,0x00000000e0000000,0x00000000e3500000)
  from space 4096K, 96% used [0x00000000e4680000,0x00000000e4a5d770,0x00000000e4a80000)
  to   space 7680K, 0% used [0x00000000e3b80000,0x00000000e3b80000,0x00000000e4300000)
 ParOldGen       total 33280K, used 8591K [0x00000000a0000000, 0x00000000a2080000, 0x00000000e0000000)
  object space 33280K, 25% used [0x00000000a0000000,0x00000000a0863c78,0x00000000a2080000)
 Metaspace       used 23525K, capacity 23978K, committed 24192K, reserved 1071104K
  class space    used 3195K, capacity 3340K, committed 3456K, reserved 1048576K
}
Event: 11.358 GC heap before
{Heap before GC invocations=10 (full 1):
 PSYoungGen      total 58368K, used 58229K [0x00000000e0000000, 0x00000000e4a80000, 0x0000000100000000)
  eden space 54272K, 100% used [0x00000000e0000000,0x00000000e3500000,0x00000000e3500000)
  from space 4096K, 96% used [0x00000000e4680000,0x00000000e4a5d770,0x00000000e4a80000)
  to   space 7680K, 0% used [0x00000000e3b80000,0x00000000e3b80000,0x00000000e4300000)
 ParOldGen       total 33280K, used 8591K [0x00000000a0000000, 0x00000000a2080000, 0x00000000e0000000)
  object space 33280K, 25% used [0x00000000a0000000,0x00000000a0863c78,0x00000000a2080000)
 Metaspace       used 27316K, capacity 27900K, committed 28160K, reserved 1073152K
  class space    used 3790K, capacity 4003K, committed 4096K, reserved 1048576K
Event: 11.372 GC heap after
Heap after GC invocations=10 (full 1):
 PSYoungGen      total 68608K, used 7448K [0x00000000e0000000, 0x00000000e5c00000, 0x0000000100000000)
  eden space 60928K, 0% used [0x00000000e0000000,0x00000000e0000000,0x00000000e3b80000)
  from space 7680K, 96% used [0x00000000e3b80000,0x00000000e42c6050,0x00000000e4300000)
  to   space 8704K, 0% used [0x00000000e5380000,0x00000000e5380000,0x00000000e5c00000)
 ParOldGen       total 33280K, used 8599K [0x00000000a0000000, 0x00000000a2080000, 0x00000000e0000000)
  object space 33280K, 25% used [0x00000000a0000000,0x00000000a0865c78,0x00000000a2080000)
 Metaspace       used 27316K, capacity 27900K, committed 28160K, reserved 1073152K
  class space    used 3790K, capacity 4003K, committed 4096K, reserved 1048576K
}
Event: 13.422 GC heap before
{Heap before GC invocations=11 (full 1):
 PSYoungGen      total 68608K, used 68376K [0x00000000e0000000, 0x00000000e5c00000, 0x0000000100000000)
  eden space 60928K, 100% used [0x00000000e0000000,0x00000000e3b80000,0x00000000e3b80000)
  from space 7680K, 96% used [0x00000000e3b80000,0x00000000e42c6050,0x00000000e4300000)
  to   space 8704K, 0% used [0x00000000e5380000,0x00000000e5380000,0x00000000e5c00000)
 ParOldGen       total 33280K, used 8599K [0x00000000a0000000, 0x00000000a2080000, 0x00000000e0000000)
  object space 33280K, 25% used [0x00000000a0000000,0x00000000a0865c78,0x00000000a2080000)
 Metaspace       used 30277K, capacity 30844K, committed 30976K, reserved 1075200K
  class space    used 4113K, capacity 4323K, committed 4352K, reserved 1048576K
Event: 13.442 GC heap after
Heap after GC invocations=11 (full 1):
 PSYoungGen      total 86016K, used 4945K [0x00000000e0000000, 0x00000000e6380000, 0x0000000100000000)
  eden space 77312K, 0% used [0x00000000e0000000,0x00000000e0000000,0x00000000e4b80000)
  from space 8704K, 56% used [0x00000000e5380000,0x00000000e58544e8,0x00000000e5c00000)
  to   space 8192K, 0% used [0x00000000e4b80000,0x00000000e4b80000,0x00000000e5380000)
 ParOldGen       total 33280K, used 10627K [0x00000000a0000000, 0x00000000a2080000, 0x00000000e0000000)
  object space 33280K, 31% used [0x00000000a0000000,0x00000000a0a60ce8,0x00000000a2080000)
 Metaspace       used 30277K, capacity 30844K, committed 30976K, reserved 1075200K
  class space    used 4113K, capacity 4323K, committed 4352K, reserved 1048576K
}
Event: 24.134 GC heap before
{Heap before GC invocations=12 (full 1):
 PSYoungGen      total 86016K, used 43105K [0x00000000e0000000, 0x00000000e6380000, 0x0000000100000000)
  eden space 77312K, 49% used [0x00000000e0000000,0x00000000e25440f8,0x00000000e4b80000)
  from space 8704K, 56% used [0x00000000e5380000,0x00000000e58544e8,0x00000000e5c00000)
  to   space 8192K, 0% used [0x00000000e4b80000,0x00000000e4b80000,0x00000000e5380000)
 ParOldGen       total 33280K, used 10627K [0x00000000a0000000, 0x00000000a2080000, 0x00000000e0000000)
  object space 33280K, 31% used [0x00000000a0000000,0x00000000a0a60ce8,0x00000000a2080000)
 Metaspace       used 34509K, capacity 35210K, committed 35416K, reserved 1079296K
  class space    used 4684K, capacity 4957K, committed 4992K, reserved 1048576K
Event: 24.240 GC heap after
Heap after GC invocations=12 (full 1):
 PSYoungGen      total 85504K, used 4531K [0x00000000e0000000, 0x00000000e7800000, 0x0000000100000000)
  eden space 77312K, 0% used [0x00000000e0000000,0x00000000e0000000,0x00000000e4b80000)
  from space 8192K, 55% used [0x00000000e4b80000,0x00000000e4fecf40,0x00000000e5380000)
  to   space 7680K, 0% used [0x00000000e7080000,0x00000000e7080000,0x00000000e7800000)
 ParOldGen       total 33280K, used 13903K [0x00000000a0000000, 0x00000000a2080000, 0x00000000e0000000)
  object space 33280K, 41% used [0x00000000a0000000,0x00000000a0d93e98,0x00000000a2080000)
 Metaspace       used 34509K, capacity 35210K, committed 35416K, reserved 1079296K
  class space    used 4684K, capacity 4957K, committed 4992K, reserved 1048576K
}
Event: 24.240 GC heap before
{Heap before GC invocations=13 (full 2):
 PSYoungGen      total 85504K, used 4531K [0x00000000e0000000, 0x00000000e7800000, 0x0000000100000000)
  eden space 77312K, 0% used [0x00000000e0000000,0x00000000e0000000,0x00000000e4b80000)
  from space 8192K, 55% used [0x00000000e4b80000,0x00000000e4fecf40,0x00000000e5380000)
  to   space 7680K, 0% used [0x00000000e7080000,0x00000000e7080000,0x00000000e7800000)
 ParOldGen       total 33280K, used 13903K [0x00000000a0000000, 0x00000000a2080000, 0x00000000e0000000)
  object space 33280K, 41% used [0x00000000a0000000,0x00000000a0d93e98,0x00000000a2080000)
 Metaspace       used 34509K, capacity 35210K, committed 35416K, reserved 1079296K
  class space    used 4684K, capacity 4957K, committed 4992K, reserved 1048576K
Event: 24.474 GC heap after
Heap after GC invocations=13 (full 2):
 PSYoungGen      total 85504K, used 0K [0x00000000e0000000, 0x00000000e7800000, 0x0000000100000000)
  eden space 77312K, 0% used [0x00000000e0000000,0x00000000e0000000,0x00000000e4b80000)
  from space 8192K, 0% used [0x00000000e4b80000,0x00000000e4b80000,0x00000000e5380000)
  to   space 7680K, 0% used [0x00000000e7080000,0x00000000e7080000,0x00000000e7800000)
 ParOldGen       total 52224K, used 15696K [0x00000000a0000000, 0x00000000a3300000, 0x00000000e0000000)
  object space 52224K, 30% used [0x00000000a0000000,0x00000000a0f54180,0x00000000a3300000)
 Metaspace       used 34509K, capacity 35210K, committed 35416K, reserved 1079296K
  class space    used 4684K, capacity 4957K, committed 4992K, reserved 1048576K
}

Deoptimization events (10 events):
Event: 20.802 Thread 0x000000001ae71800 Uncommon trap: reason=class_check action=maybe_recompile pc=0x0000000004e51108 method=java.io.BufferedInputStream.read1([BII)I @ 39
Event: 20.802 Thread 0x000000001ae71800 Uncommon trap: reason=class_check action=maybe_recompile pc=0x0000000004e4b418 method=java.io.BufferedInputStream.read1([BII)I @ 39
Event: 21.286 Thread 0x000000001ae71800 Uncommon trap: reason=class_check action=maybe_recompile pc=0x0000000004ef0e7c method=java.util.Hashtable.get(Ljava/lang/Object;)Ljava/lang/Object; @ 6
Event: 21.286 Thread 0x000000001ae71800 Uncommon trap: reason=class_check action=maybe_recompile pc=0x0000000004ef0e7c method=java.util.Hashtable.get(Ljava/lang/Object;)Ljava/lang/Object; @ 6
Event: 21.286 Thread 0x000000001ae71800 Uncommon trap: reason=class_check action=maybe_recompile pc=0x0000000004ef0e7c method=java.util.Hashtable.get(Ljava/lang/Object;)Ljava/lang/Object; @ 6
Event: 21.287 Thread 0x000000001ae71800 Uncommon trap: reason=class_check action=maybe_recompile pc=0x0000000004ef0e7c method=java.util.Hashtable.get(Ljava/lang/Object;)Ljava/lang/Object; @ 6
Event: 21.390 Thread 0x000000001ae71800 Uncommon trap: reason=unstable_if action=reinterpret pc=0x00000000047ee278 method=java.lang.String.replace(CC)Ljava/lang/String; @ 2
Event: 21.397 Thread 0x000000001ae71800 Uncommon trap: reason=bimorphic action=maybe_recompile pc=0x0000000004ea6430 method=org.codehaus.groovy.runtime.metaclass.MetaMethodIndex.addMethodToList(Ljava/lang/Object;Lgroovy/lang/MetaMethod;)Ljava/lang/Object; @ 96
Event: 21.397 Thread 0x000000001ae71800 Uncommon trap: reason=unstable_if action=reinterpret pc=0x0000000004f139fc method=groovy.lang.MetaClassImpl$1MOPIter.methodNameAction(Ljava/lang/Class;Lorg/codehaus/groovy/runtime/metaclass/MetaMethodIndex$Entry;)V @ 259
Event: 22.911 Thread 0x000000001ae71800 Uncommon trap: reason=unstable_if action=reinterpret pc=0x0000000004f94bd0 method=java.lang.Integer.valueOf(I)Ljava/lang/Integer; @ 3

Classes redefined (0 events):
No events

Internal exceptions (10 events):
Event: 21.424 Thread 0x000000001ae71800 Exception <a 'java/lang/ClassNotFoundException': org/gradle/api/internal/project/ant/BasicAntBuilderBeanInfo> (0x00000000e1f67af0) thrown at [D:\src\AOSP-openjdk-cygwin\jdk8u\hotspot\src\share\vm\classfile\systemDictionary.cpp, line 210]
Event: 21.425 Thread 0x000000001ae71800 Exception <a 'java/lang/ClassNotFoundException': org/gradle/api/AntBuilderBeanInfo> (0x00000000e1f88068) thrown at [D:\src\AOSP-openjdk-cygwin\jdk8u\hotspot\src\share\vm\classfile\systemDictionary.cpp, line 210]
Event: 21.425 Thread 0x000000001ae71800 Exception <a 'java/lang/ClassNotFoundException': groovy/util/AntBuilderBeanInfo> (0x00000000e1fa70e0) thrown at [D:\src\AOSP-openjdk-cygwin\jdk8u\hotspot\src\share\vm\classfile\systemDictionary.cpp, line 210]
Event: 21.426 Thread 0x000000001ae71800 Exception <a 'java/lang/ClassNotFoundException': groovy/util/BuilderSupportBeanInfo> (0x00000000e1fc7630) thrown at [D:\src\AOSP-openjdk-cygwin\jdk8u\hotspot\src\share\vm\classfile\systemDictionary.cpp, line 210]
Event: 21.428 Thread 0x000000001ae71800 Exception <a 'java/lang/ClassNotFoundException': groovy/util/BuilderSupportCustomizer> (0x00000000e1fe9a10) thrown at [D:\src\AOSP-openjdk-cygwin\jdk8u\hotspot\src\share\vm\classfile\systemDictionary.cpp, line 210]
Event: 21.429 Thread 0x000000001ae71800 Exception <a 'java/lang/ClassNotFoundException': groovy/util/AntBuilderCustomizer> (0x00000000e200cc18) thrown at [D:\src\AOSP-openjdk-cygwin\jdk8u\hotspot\src\share\vm\classfile\systemDictionary.cpp, line 210]
Event: 21.433 Thread 0x000000001ae71800 Exception <a 'java/lang/ClassNotFoundException': org/gradle/api/AntBuilderCustomizer> (0x00000000e2034ff8) thrown at [D:\src\AOSP-openjdk-cygwin\jdk8u\hotspot\src\share\vm\classfile\systemDictionary.cpp, line 210]
Event: 21.434 Thread 0x000000001ae71800 Exception <a 'java/lang/ClassNotFoundException': org/gradle/api/internal/project/ant/BasicAntBuilderCustomizer> (0x00000000e2071360) thrown at [D:\src\AOSP-openjdk-cygwin\jdk8u\hotspot\src\share\vm\classfile\systemDictionary.cpp, line 210]
Event: 21.435 Thread 0x000000001ae71800 Exception <a 'java/lang/ClassNotFoundException': org/gradle/api/internal/project/DefaultAntBuilderCustomizer> (0x00000000e20b4448) thrown at [D:\src\AOSP-openjdk-cygwin\jdk8u\hotspot\src\share\vm\classfile\systemDictionary.cpp, line 210]
Event: 25.834 Thread 0x000000001ae71800 Exception <a 'sun/nio/fs/WindowsException'> (0x00000000e0542aa8) thrown at [D:\src\AOSP-openjdk-cygwin\jdk8u\hotspot\src\share\vm\prims\jni.cpp, line 709]

Events (10 events):
Event: 26.233 loading class com/google/common/cache/LocalCache$ReferenceEntry
Event: 26.233 loading class com/google/common/cache/LocalCache$ReferenceEntry done
Event: 26.242 loading class com/google/common/util/concurrent/ExecutionError
Event: 26.242 loading class com/google/common/util/concurrent/ExecutionError done
Event: 26.244 loading class com/google/common/cache/LocalCache$1
Event: 26.244 loading class com/google/common/cache/LocalCache$1 done
Event: 26.244 loading class com/google/common/cache/LocalCache$2
Event: 26.244 loading class com/google/common/cache/LocalCache$2 done
Event: 26.246 loading class com/google/common/cache/LocalCache$Strength
Event: 26.246 loading class com/google/common/cache/LocalCache$Strength done


Dynamic libraries:
0x00007ff7f8380000 - 0x00007ff7f83b1000 	C:\Program Files\Android\Android Studio1\jre\bin\java.exe
0x00007fff707f0000 - 0x00007fff709d0000 	C:\WINDOWS\SYSTEM32\ntdll.dll
0x00007fff6fe00000 - 0x00007fff6feae000 	C:\WINDOWS\System32\KERNEL32.DLL
0x00007fff6ce80000 - 0x00007fff6d0e6000 	C:\WINDOWS\System32\KERNELBASE.dll
0x00007fff6f140000 - 0x00007fff6f1e1000 	C:\WINDOWS\System32\ADVAPI32.dll
0x00007fff6f690000 - 0x00007fff6f72d000 	C:\WINDOWS\System32\msvcrt.dll
0x00007fff70300000 - 0x00007fff7035b000 	C:\WINDOWS\System32\sechost.dll
0x00007fff706a0000 - 0x00007fff707bf000 	C:\WINDOWS\System32\RPCRT4.dll
0x00007fff6f810000 - 0x00007fff6f99f000 	C:\WINDOWS\System32\USER32.dll
0x00007fff6d370000 - 0x00007fff6d390000 	C:\WINDOWS\System32\win32u.dll
0x00007fff70360000 - 0x00007fff70388000 	C:\WINDOWS\System32\GDI32.dll
0x00007fff6cce0000 - 0x00007fff6ce73000 	C:\WINDOWS\System32\gdi32full.dll
0x00007fff6cc40000 - 0x00007fff6ccdb000 	C:\WINDOWS\System32\msvcp_win.dll
0x00007fff6db60000 - 0x00007fff6dc56000 	C:\WINDOWS\System32\ucrtbase.dll
0x00007fff5dfe0000 - 0x00007fff5e249000 	C:\WINDOWS\WinSxS\amd64_microsoft.windows.common-controls_6595b64144ccf1df_6.0.16299.125_none_15cbcf8893620c09\COMCTL32.dll
0x00007fff70390000 - 0x00007fff70698000 	C:\WINDOWS\System32\combase.dll
0x00007fff6dae0000 - 0x00007fff6db52000 	C:\WINDOWS\System32\bcryptPrimitives.dll
0x00007fff6dcc0000 - 0x00007fff6dced000 	C:\WINDOWS\System32\IMM32.DLL
0x0000000075cf0000 - 0x0000000075dc2000 	C:\Program Files\Android\Android Studio1\jre\jre\bin\msvcr100.dll
0x0000000073d00000 - 0x000000007453e000 	C:\Program Files\Android\Android Studio1\jre\jre\bin\server\jvm.dll
0x00007fff6f800000 - 0x00007fff6f808000 	C:\WINDOWS\System32\PSAPI.DLL
0x00007fff664b0000 - 0x00007fff664d3000 	C:\WINDOWS\SYSTEM32\WINMM.dll
0x00007fff5c950000 - 0x00007fff5c95a000 	C:\WINDOWS\SYSTEM32\VERSION.dll
0x00007fff65d20000 - 0x00007fff65d4a000 	C:\WINDOWS\SYSTEM32\WINMMBASE.dll
0x00007fff6cbf0000 - 0x00007fff6cc3a000 	C:\WINDOWS\System32\cfgmgr32.dll
0x00007fff67500000 - 0x00007fff67509000 	C:\WINDOWS\SYSTEM32\WSOCK32.dll
0x00007fff6f730000 - 0x00007fff6f79c000 	C:\WINDOWS\System32\ws2_32.DLL
0x00007fff64700000 - 0x00007fff6470f000 	C:\Program Files\Android\Android Studio1\jre\jre\bin\verify.dll
0x00007fff5d560000 - 0x00007fff5d589000 	C:\Program Files\Android\Android Studio1\jre\jre\bin\java.dll
0x00007fff5d520000 - 0x00007fff5d536000 	C:\Program Files\Android\Android Studio1\jre\jre\bin\zip.dll
0x00007fff6dd00000 - 0x00007fff6f136000 	C:\WINDOWS\System32\SHELL32.dll
0x00007fff6fd50000 - 0x00007fff6fdf6000 	C:\WINDOWS\System32\shcore.dll
0x00007fff6d390000 - 0x00007fff6dad7000 	C:\WINDOWS\System32\windows.storage.dll
0x00007fff6f1f0000 - 0x00007fff6f241000 	C:\WINDOWS\System32\shlwapi.dll
0x00007fff6cb40000 - 0x00007fff6cb51000 	C:\WINDOWS\System32\kernel.appcore.dll
0x00007fff6cb60000 - 0x00007fff6cbac000 	C:\WINDOWS\System32\powrprof.dll
0x00007fff6cbd0000 - 0x00007fff6cbeb000 	C:\WINDOWS\System32\profapi.dll
0x00007fff5d500000 - 0x00007fff5d51a000 	C:\Program Files\Android\Android Studio1\jre\jre\bin\net.dll
0x00007fff6c3d0000 - 0x00007fff6c436000 	C:\WINDOWS\system32\mswsock.dll
0x00007fff5d2a0000 - 0x00007fff5d2b1000 	C:\Program Files\Android\Android Studio1\jre\jre\bin\nio.dll
0x00007fff5c0b0000 - 0x00007fff5c0ce000 	C:\Users\uleho\.gradle\native\25\windows-amd64\native-platform.dll
0x00007fff5eb10000 - 0x00007fff5eb1d000 	C:\Program Files\Android\Android Studio1\jre\jre\bin\management.dll
0x00007fff6c590000 - 0x00007fff6c5a7000 	C:\WINDOWS\SYSTEM32\CRYPTSP.dll
0x00007fff6bfe0000 - 0x00007fff6c013000 	C:\WINDOWS\system32\rsaenh.dll
0x00007fff6c6a0000 - 0x00007fff6c6c5000 	C:\WINDOWS\SYSTEM32\bcrypt.dll
0x00007fff6ca40000 - 0x00007fff6ca69000 	C:\WINDOWS\SYSTEM32\USERENV.dll
0x00007fff6c5b0000 - 0x00007fff6c5bb000 	C:\WINDOWS\SYSTEM32\CRYPTBASE.dll
0x00007fff6c160000 - 0x00007fff6c199000 	C:\WINDOWS\SYSTEM32\IPHLPAPI.DLL
0x00007fff6dcf0000 - 0x00007fff6dcf8000 	C:\WINDOWS\System32\NSI.dll
0x00007fff6a330000 - 0x00007fff6a346000 	C:\WINDOWS\SYSTEM32\dhcpcsvc6.DLL
0x00007fff6a310000 - 0x00007fff6a32a000 	C:\WINDOWS\SYSTEM32\dhcpcsvc.DLL

VM Arguments:
jvm_args: -Xmx1536m -Dfile.encoding=windows-1250 -Duser.country=CZ -Duser.language=cs -Duser.variant 
java_command: org.gradle.launcher.daemon.bootstrap.GradleDaemon 4.1
java_class_path (initial): C:\Users\uleho\.gradle\wrapper\dists\gradle-4.1-all\bzyivzo6n839fup2jbap0tjew\gradle-4.1\lib\gradle-launcher-4.1.jar
Launcher Type: SUN_STANDARD

Environment Variables:
PATH=C:\ProgramData\Oracle\Java\javapath;C:\WINDOWS\system32;C:\WINDOWS;C:\WINDOWS\System32\Wbem;C:\WINDOWS\System32\WindowsPowerShell\v1.0\;C:\Program Files (x86)\Skype\Phone\;C:\Program Files\Git\cmd;C:\Users\uleho\AppData\Local\Microsoft\WindowsApps;
USERNAME=uLeho
OS=Windows_NT
PROCESSOR_IDENTIFIER=Intel64 Family 6 Model 78 Stepping 3, GenuineIntel



---------------  S Y S T E M  ---------------

OS: Windows 10.0 , 64 bit Build 16299 (10.0.16299.15)

CPU:total 4 (initial active 4) (2 cores per cpu, 2 threads per core) family 6 model 78 stepping 3, cmov, cx8, fxsr, mmx, sse, sse2, sse3, ssse3, sse4.1, sse4.2, popcnt, avx, avx2, aes, clmul, erms, 3dnowpref, lzcnt, ht, tsc, tscinvbit, bmi1, bmi2, adx

Memory: 4k page, physical 4074592k(290600k free), swap 16657504k(392k free)

vm_info: OpenJDK 64-Bit Server VM (25.152-b01) for windows-amd64 JRE (1.8.0_152-release-915-b01), built by "builder" with MS VC++ 10.0 (VS2010)

time: Fri Jan 12 16:24:43 2018
elapsed time: 26 seconds (0d 0h 0m 26s)

