#
# There is insufficient memory for the Java Runtime Environment to continue.
# Native memory allocation (malloc) failed to allocate 796736 bytes for Chunk::new
# Possible reasons:
#   The system is out of physical RAM or swap space
#   In 32 bit mode, the process size limit was hit
# Possible solutions:
#   Reduce memory load on the system
#   Increase physical memory or swap space
#   Check if swap backing store is full
#   Use 64 bit Java on a 64 bit OS
#   Decrease Java heap size (-Xmx/-Xms)
#   Decrease number of Java threads
#   Decrease Java thread stack sizes (-Xss)
#   Set larger code cache with -XX:ReservedCodeCacheSize=
# This output file may be truncated or incomplete.
#
#  Out of Memory Error (allocation.cpp:390), pid=13592, tid=0x0000000000003a88
#
# JRE version: OpenJDK Runtime Environment (8.0_152-b01) (build 1.8.0_152-release-915-b01)
# Java VM: OpenJDK 64-Bit Server VM (25.152-b01 mixed mode windows-amd64 compressed oops)
# Failed to write core dump. Minidumps are not enabled by default on client versions of Windows
#

---------------  T H R E A D  ---------------

Current thread (0x0000000018871000):  JavaThread "C2 CompilerThread1" daemon [_thread_in_native, id=14984, stack(0x0000000019fd0000,0x000000001a0d0000)]

Stack: [0x0000000019fd0000,0x000000001a0d0000]
[error occurred during error reporting (printing stack bounds), id 0xc0000005]

Native frames: (J=compiled Java code, j=interpreted, Vv=VM code, C=native code)


Current CompileTask:
C2:  54761 3860       4       java.net.URLClassLoader$1::run (5 bytes)


---------------  P R O C E S S  ---------------

Java Threads: ( => current thread )
  0x000000001e9aa000 JavaThread "Memory manager" [_thread_blocked, id=13536, stack(0x00000000231b0000,0x00000000232b0000)]
  0x000000001e9aa800 JavaThread "pool-1-thread-1" [_thread_blocked, id=7420, stack(0x00000000230b0000,0x00000000231b0000)]
  0x000000001bef1000 JavaThread "build operations Thread 4" [_thread_blocked, id=3152, stack(0x00000000229b0000,0x0000000022ab0000)]
  0x000000001bef4000 JavaThread "build operations Thread 3" [_thread_blocked, id=11832, stack(0x00000000228b0000,0x00000000229b0000)]
  0x000000001bef3000 JavaThread "build operations Thread 2" [_thread_blocked, id=3444, stack(0x00000000227b0000,0x00000000228b0000)]
  0x000000001beee000 JavaThread "build operations" [_thread_blocked, id=14584, stack(0x000000001f960000,0x000000001fa60000)]
  0x000000001beed000 JavaThread "Cache worker for Artifact transforms cache (C:\Users\uleho\.gradle\caches\transforms-1)" [_thread_blocked, id=14828, stack(0x000000001e7b0000,0x000000001e8b0000)]
  0x000000001c043000 JavaThread "Cache worker for file hash cache (C:\Users\uleho\AndroidStudioProjects\oneday\.gradle\4.1\fileHashes)" [_thread_blocked, id=17344, stack(0x000000001e4b0000,0x000000001e5b0000)]
  0x000000001afc2000 JavaThread "File lock request listener" [_thread_in_native, id=18392, stack(0x000000001d1e0000,0x000000001d2e0000)]
  0x000000001a3ae000 JavaThread "Cache worker for file hash cache (C:\Users\uleho\.gradle\caches\4.1\fileHashes)" [_thread_blocked, id=13744, stack(0x000000001d0e0000,0x000000001d1e0000)]
  0x000000001b63b000 JavaThread "Stdin handler" [_thread_blocked, id=17088, stack(0x000000001cfe0000,0x000000001d0e0000)]
  0x000000001b63a000 JavaThread "Asynchronous log dispatcher for DefaultDaemonConnection: socket connection from /127.0.0.1:57719 to /127.0.0.1:57720" [_thread_blocked, id=8548, stack(0x000000001cee0000,0x000000001cfe0000)]
  0x000000001b635800 JavaThread "Daemon worker" [_thread_in_native, id=2960, stack(0x000000001cde0000,0x000000001cee0000)]
  0x000000001b632000 JavaThread "Cancel handler" [_thread_blocked, id=2800, stack(0x000000001cce0000,0x000000001cde0000)]
  0x000000001b61f800 JavaThread "Handler for socket connection from /127.0.0.1:57719 to /127.0.0.1:57720" [_thread_in_native, id=10472, stack(0x000000001c9e0000,0x000000001cae0000)]
  0x000000001b61e800 JavaThread "Daemon" [_thread_blocked, id=11356, stack(0x000000001c8e0000,0x000000001c9e0000)]
  0x000000001b590000 JavaThread "Daemon periodic checks" [_thread_blocked, id=17784, stack(0x000000001c7e0000,0x000000001c8e0000)]
  0x000000001b589000 JavaThread "Incoming local TCP Connector on port 57719" [_thread_in_native, id=6928, stack(0x000000001a7d0000,0x000000001a8d0000)]
  0x000000001a1f8800 JavaThread "Service Thread" daemon [_thread_blocked, id=164, stack(0x000000001a5d0000,0x000000001a6d0000)]
  0x000000001887a000 JavaThread "C1 CompilerThread2" daemon [_thread_blocked, id=18272, stack(0x000000001a0d0000,0x000000001a1d0000)]
=>0x0000000018871000 JavaThread "C2 CompilerThread1" daemon [_thread_in_native, id=14984, stack(0x0000000019fd0000,0x000000001a0d0000)]
  0x000000001886e000 JavaThread "C2 CompilerThread0" daemon [_thread_in_native, id=14724, stack(0x0000000019ed0000,0x0000000019fd0000)]
  0x0000000018869800 JavaThread "Attach Listener" daemon [_thread_blocked, id=1832, stack(0x0000000019dd0000,0x0000000019ed0000)]
  0x0000000018876000 JavaThread "Signal Dispatcher" daemon [_thread_blocked, id=4812, stack(0x0000000019cd0000,0x0000000019dd0000)]
  0x0000000018858800 JavaThread "Finalizer" daemon [_thread_blocked, id=14920, stack(0x0000000019ae0000,0x0000000019be0000)]
  0x0000000004ef2000 JavaThread "Reference Handler" daemon [_thread_blocked, id=14264, stack(0x00000000199e0000,0x0000000019ae0000)]
  0x000000000302d800 JavaThread "main" [_thread_blocked, id=16860, stack(0x0000000004ca0000,0x0000000004da0000)]

Other Threads:
  0x0000000018835000 VMThread [stack: 0x00000000198e0000,0x00000000199e0000] [id=6008]
  0x00000000188cd800 WatcherThread [stack: 0x000000001a6d0000,0x000000001a7d0000] [id=11640]

VM state:not at safepoint (normal execution)

VM Mutex/Monitor currently owned by a thread: None

Heap:
 PSYoungGen      total 47616K, used 18363K [0x00000000e0000000, 0x00000000e3900000, 0x0000000100000000)
  eden space 41472K, 44% used [0x00000000e0000000,0x00000000e11eec50,0x00000000e2880000)
  from space 6144K, 0% used [0x00000000e2e80000,0x00000000e2e80000,0x00000000e3480000)
  to   space 6144K, 0% used [0x00000000e2880000,0x00000000e2880000,0x00000000e2e80000)
 ParOldGen       total 49152K, used 13767K [0x00000000a0000000, 0x00000000a3000000, 0x00000000e0000000)
  object space 49152K, 28% used [0x00000000a0000000,0x00000000a0d71f10,0x00000000a3000000)
 Metaspace       used 37094K, capacity 37816K, committed 38104K, reserved 1081344K
  class space    used 5000K, capacity 5272K, committed 5376K, reserved 1048576K

Card table byte_map: [0x00000000142c0000,0x00000000145d0000] byte_map_base: 0x0000000013dc0000

Marking Bits: (ParMarkBitMap*) 0x00000000744c3950
 Begin Bits: [0x0000000014bd0000, 0x00000000163d0000)
 End Bits:   [0x00000000163d0000, 0x0000000017bd0000)

Polling page: 0x0000000000bf0000

CodeCache: size=245760Kb used=11876Kb max_used=13299Kb free=233883Kb
 bounds [0x0000000004f00000, 0x0000000005c10000, 0x0000000013f00000]
 total_blobs=4049 nmethods=3339 adapters=623
 compilation: enabled

Compilation events (10 events):
Event: 54.480 Thread 0x000000001887a000 3866       3       java.util.concurrent.ConcurrentHashMap::get (162 bytes)
Event: 54.481 Thread 0x000000001887a000 nmethod 3866 0x00000000057980d0 code [0x00000000057982e0, 0x0000000005798e58]
Event: 54.481 Thread 0x000000001887a000 3867       1       java.util.concurrent.ConcurrentHashMap::spread (10 bytes)
Event: 54.481 Thread 0x000000001887a000 nmethod 3867 0x00000000051b5a90 code [0x00000000051b5be0, 0x00000000051b5cd0]
Event: 54.481 Thread 0x000000001887a000 3863       3       sun.misc.ProxyGenerator::code_astore (11 bytes)
Event: 54.481 Thread 0x000000001887a000 nmethod 3863 0x00000000052033d0 code [0x0000000005203540, 0x00000000052036e8]
Event: 54.481 Thread 0x000000001887a000 3865       3       sun.misc.ProxyGenerator::access$1700 (7 bytes)
Event: 54.481 Thread 0x000000001887a000 nmethod 3865 0x0000000005700ed0 code [0x0000000005701040, 0x00000000057011a8]
Event: 54.509 Thread 0x000000001887a000 3868       3       java.util.concurrent.TimeUnit$1::convert (6 bytes)
Event: 54.509 Thread 0x000000001887a000 nmethod 3868 0x00000000051a9890 code [0x00000000051a9a00, 0x00000000051a9c28]

GC Heap History (10 events):
Event: 37.422 GC heap before
{Heap before GC invocations=14 (full 1):
 PSYoungGen      total 38912K, used 35432K [0x00000000e0000000, 0x00000000e2c80000, 0x0000000100000000)
  eden space 33280K, 100% used [0x00000000e0000000,0x00000000e2080000,0x00000000e2080000)
  from space 5632K, 38% used [0x00000000e2700000,0x00000000e291a3f8,0x00000000e2c80000)
  to   space 6144K, 0% used [0x00000000e2080000,0x00000000e2080000,0x00000000e2680000)
 ParOldGen       total 31232K, used 10481K [0x00000000a0000000, 0x00000000a1e80000, 0x00000000e0000000)
  object space 31232K, 33% used [0x00000000a0000000,0x00000000a0a3c708,0x00000000a1e80000)
 Metaspace       used 30067K, capacity 30652K, committed 30976K, reserved 1075200K
  class space    used 4116K, capacity 4323K, committed 4352K, reserved 1048576K
Event: 37.428 GC heap after
Heap after GC invocations=14 (full 1):
 PSYoungGen      total 39424K, used 2817K [0x00000000e0000000, 0x00000000e3a00000, 0x0000000100000000)
  eden space 33280K, 0% used [0x00000000e0000000,0x00000000e0000000,0x00000000e2080000)
  from space 6144K, 45% used [0x00000000e2080000,0x00000000e2340508,0x00000000e2680000)
  to   space 6144K, 0% used [0x00000000e3400000,0x00000000e3400000,0x00000000e3a00000)
 ParOldGen       total 31232K, used 11201K [0x00000000a0000000, 0x00000000a1e80000, 0x00000000e0000000)
  object space 31232K, 35% used [0x00000000a0000000,0x00000000a0af0598,0x00000000a1e80000)
 Metaspace       used 30067K, capacity 30652K, committed 30976K, reserved 1075200K
  class space    used 4116K, capacity 4323K, committed 4352K, reserved 1048576K
}
Event: 40.392 GC heap before
{Heap before GC invocations=15 (full 1):
 PSYoungGen      total 39424K, used 36097K [0x00000000e0000000, 0x00000000e3a00000, 0x0000000100000000)
  eden space 33280K, 100% used [0x00000000e0000000,0x00000000e2080000,0x00000000e2080000)
  from space 6144K, 45% used [0x00000000e2080000,0x00000000e2340508,0x00000000e2680000)
  to   space 6144K, 0% used [0x00000000e3400000,0x00000000e3400000,0x00000000e3a00000)
 ParOldGen       total 31232K, used 11201K [0x00000000a0000000, 0x00000000a1e80000, 0x00000000e0000000)
  object space 31232K, 35% used [0x00000000a0000000,0x00000000a0af0598,0x00000000a1e80000)
 Metaspace       used 30334K, capacity 30908K, committed 31232K, reserved 1077248K
  class space    used 4122K, capacity 4323K, committed 4352K, reserved 1048576K
Event: 40.396 GC heap after
Heap after GC invocations=15 (full 1):
 PSYoungGen      total 33792K, used 992K [0x00000000e0000000, 0x00000000e3500000, 0x0000000100000000)
  eden space 32768K, 0% used [0x00000000e0000000,0x00000000e0000000,0x00000000e2000000)
  from space 1024K, 96% used [0x00000000e3400000,0x00000000e34f8000,0x00000000e3500000)
  to   space 6144K, 0% used [0x00000000e2900000,0x00000000e2900000,0x00000000e2f00000)
 ParOldGen       total 31232K, used 11990K [0x00000000a0000000, 0x00000000a1e80000, 0x00000000e0000000)
  object space 31232K, 38% used [0x00000000a0000000,0x00000000a0bb59c8,0x00000000a1e80000)
 Metaspace       used 30334K, capacity 30908K, committed 31232K, reserved 1077248K
  class space    used 4122K, capacity 4323K, committed 4352K, reserved 1048576K
}
Event: 52.835 GC heap before
{Heap before GC invocations=16 (full 1):
 PSYoungGen      total 33792K, used 33760K [0x00000000e0000000, 0x00000000e3500000, 0x0000000100000000)
  eden space 32768K, 100% used [0x00000000e0000000,0x00000000e2000000,0x00000000e2000000)
  from space 1024K, 96% used [0x00000000e3400000,0x00000000e34f8000,0x00000000e3500000)
  to   space 6144K, 0% used [0x00000000e2900000,0x00000000e2900000,0x00000000e2f00000)
 ParOldGen       total 31232K, used 11990K [0x00000000a0000000, 0x00000000a1e80000, 0x00000000e0000000)
  object space 31232K, 38% used [0x00000000a0000000,0x00000000a0bb59c8,0x00000000a1e80000)
 Metaspace       used 32699K, capacity 33404K, committed 33664K, reserved 1079296K
  class space    used 4431K, capacity 4671K, committed 4736K, reserved 1048576K
Event: 52.850 GC heap after
Heap after GC invocations=16 (full 1):
 PSYoungGen      total 36352K, used 3637K [0x00000000e0000000, 0x00000000e3480000, 0x0000000100000000)
  eden space 32256K, 0% used [0x00000000e0000000,0x00000000e0000000,0x00000000e1f80000)
  from space 4096K, 88% used [0x00000000e2900000,0x00000000e2c8d5c8,0x00000000e2d00000)
  to   space 6144K, 0% used [0x00000000e2e80000,0x00000000e2e80000,0x00000000e3480000)
 ParOldGen       total 31232K, used 12518K [0x00000000a0000000, 0x00000000a1e80000, 0x00000000e0000000)
  object space 31232K, 40% used [0x00000000a0000000,0x00000000a0c399c8,0x00000000a1e80000)
 Metaspace       used 32699K, capacity 33404K, committed 33664K, reserved 1079296K
  class space    used 4431K, capacity 4671K, committed 4736K, reserved 1048576K
}
Event: 53.350 GC heap before
{Heap before GC invocations=17 (full 1):
 PSYoungGen      total 36352K, used 10400K [0x00000000e0000000, 0x00000000e3480000, 0x0000000100000000)
  eden space 32256K, 20% used [0x00000000e0000000,0x00000000e069ab58,0x00000000e1f80000)
  from space 4096K, 88% used [0x00000000e2900000,0x00000000e2c8d5c8,0x00000000e2d00000)
  to   space 6144K, 0% used [0x00000000e2e80000,0x00000000e2e80000,0x00000000e3480000)
 ParOldGen       total 31232K, used 12518K [0x00000000a0000000, 0x00000000a1e80000, 0x00000000e0000000)
  object space 31232K, 40% used [0x00000000a0000000,0x00000000a0c399c8,0x00000000a1e80000)
 Metaspace       used 34518K, capacity 35226K, committed 35416K, reserved 1079296K
  class space    used 4689K, capacity 4963K, committed 4992K, reserved 1048576K
Event: 53.359 GC heap after
Heap after GC invocations=17 (full 1):
 PSYoungGen      total 47616K, used 1102K [0x00000000e0000000, 0x00000000e3900000, 0x0000000100000000)
  eden space 41472K, 0% used [0x00000000e0000000,0x00000000e0000000,0x00000000e2880000)
  from space 6144K, 17% used [0x00000000e2e80000,0x00000000e2f93a78,0x00000000e3480000)
  to   space 6144K, 0% used [0x00000000e2880000,0x00000000e2880000,0x00000000e2e80000)
 ParOldGen       total 31232K, used 13975K [0x00000000a0000000, 0x00000000a1e80000, 0x00000000e0000000)
  object space 31232K, 44% used [0x00000000a0000000,0x00000000a0da5e78,0x00000000a1e80000)
 Metaspace       used 34518K, capacity 35226K, committed 35416K, reserved 1079296K
  class space    used 4689K, capacity 4963K, committed 4992K, reserved 1048576K
}
Event: 53.359 GC heap before
{Heap before GC invocations=18 (full 2):
 PSYoungGen      total 47616K, used 1102K [0x00000000e0000000, 0x00000000e3900000, 0x0000000100000000)
  eden space 41472K, 0% used [0x00000000e0000000,0x00000000e0000000,0x00000000e2880000)
  from space 6144K, 17% used [0x00000000e2e80000,0x00000000e2f93a78,0x00000000e3480000)
  to   space 6144K, 0% used [0x00000000e2880000,0x00000000e2880000,0x00000000e2e80000)
 ParOldGen       total 31232K, used 13975K [0x00000000a0000000, 0x00000000a1e80000, 0x00000000e0000000)
  object space 31232K, 44% used [0x00000000a0000000,0x00000000a0da5e78,0x00000000a1e80000)
 Metaspace       used 34518K, capacity 35226K, committed 35416K, reserved 1079296K
  class space    used 4689K, capacity 4963K, committed 4992K, reserved 1048576K
Event: 53.681 GC heap after
Heap after GC invocations=18 (full 2):
 PSYoungGen      total 47616K, used 0K [0x00000000e0000000, 0x00000000e3900000, 0x0000000100000000)
  eden space 41472K, 0% used [0x00000000e0000000,0x00000000e0000000,0x00000000e2880000)
  from space 6144K, 0% used [0x00000000e2e80000,0x00000000e2e80000,0x00000000e3480000)
  to   space 6144K, 0% used [0x00000000e2880000,0x00000000e2880000,0x00000000e2e80000)
 ParOldGen       total 49152K, used 13767K [0x00000000a0000000, 0x00000000a3000000, 0x00000000e0000000)
  object space 49152K, 28% used [0x00000000a0000000,0x00000000a0d71f10,0x00000000a3000000)
 Metaspace       used 34518K, capacity 35226K, committed 35416K, reserved 1079296K
  class space    used 4689K, capacity 4963K, committed 4992K, reserved 1048576K
}

Deoptimization events (10 events):
Event: 52.232 Thread 0x000000001b635800 Uncommon trap: reason=class_check action=maybe_recompile pc=0x00000000057c5418 method=java.io.BufferedInputStream.read1([BII)I @ 39
Event: 52.830 Thread 0x000000001b635800 Uncommon trap: reason=class_check action=maybe_recompile pc=0x00000000057b257c method=java.util.Hashtable.get(Ljava/lang/Object;)Ljava/lang/Object; @ 6
Event: 52.832 Thread 0x000000001b635800 Uncommon trap: reason=class_check action=maybe_recompile pc=0x00000000057b257c method=java.util.Hashtable.get(Ljava/lang/Object;)Ljava/lang/Object; @ 6
Event: 52.832 Thread 0x000000001b635800 Uncommon trap: reason=class_check action=maybe_recompile pc=0x00000000057b257c method=java.util.Hashtable.get(Ljava/lang/Object;)Ljava/lang/Object; @ 6
Event: 52.832 Thread 0x000000001b635800 Uncommon trap: reason=class_check action=maybe_recompile pc=0x00000000057b257c method=java.util.Hashtable.get(Ljava/lang/Object;)Ljava/lang/Object; @ 6
Event: 52.887 Thread 0x000000001b635800 Uncommon trap: reason=unstable_if action=reinterpret pc=0x00000000050ac9f8 method=java.lang.String.replace(CC)Ljava/lang/String; @ 2
Event: 52.902 Thread 0x000000001b635800 Uncommon trap: reason=bimorphic action=maybe_recompile pc=0x00000000056dc2a4 method=org.codehaus.groovy.runtime.metaclass.MetaMethodIndex.addMethodToList(Ljava/lang/Object;Lgroovy/lang/MetaMethod;)Ljava/lang/Object; @ 96
Event: 52.904 Thread 0x000000001b635800 Uncommon trap: reason=unstable_if action=reinterpret pc=0x000000000576c5f4 method=groovy.lang.MetaClassImpl$1MOPIter.methodNameAction(Ljava/lang/Class;Lorg/codehaus/groovy/runtime/metaclass/MetaMethodIndex$Entry;)V @ 259
Event: 53.156 Thread 0x000000001b635800 Uncommon trap: reason=unstable_if action=reinterpret pc=0x000000000594d490 method=java.lang.Integer.valueOf(I)Ljava/lang/Integer; @ 3
Event: 54.338 Thread 0x000000001b635800 Uncommon trap: reason=unstable_if action=reinterpret pc=0x000000000570d3b4 method=java.util.concurrent.ConcurrentHashMap.get(Ljava/lang/Object;)Ljava/lang/Object; @ 76

Classes redefined (0 events):
No events

Internal exceptions (10 events):
Event: 52.909 Thread 0x000000001b635800 Exception <a 'java/lang/ClassNotFoundException': org/gradle/api/internal/project/ant/BasicAntBuilderBeanInfo> (0x00000000e0130188) thrown at [D:\src\AOSP-openjdk-cygwin\jdk8u\hotspot\src\share\vm\classfile\systemDictionary.cpp, line 210]
Event: 52.910 Thread 0x000000001b635800 Exception <a 'java/lang/ClassNotFoundException': org/gradle/api/AntBuilderBeanInfo> (0x00000000e0150748) thrown at [D:\src\AOSP-openjdk-cygwin\jdk8u\hotspot\src\share\vm\classfile\systemDictionary.cpp, line 210]
Event: 52.912 Thread 0x000000001b635800 Exception <a 'java/lang/ClassNotFoundException': groovy/util/AntBuilderBeanInfo> (0x00000000e016f7a0) thrown at [D:\src\AOSP-openjdk-cygwin\jdk8u\hotspot\src\share\vm\classfile\systemDictionary.cpp, line 210]
Event: 52.914 Thread 0x000000001b635800 Exception <a 'java/lang/ClassNotFoundException': groovy/util/BuilderSupportBeanInfo> (0x00000000e018fcf0) thrown at [D:\src\AOSP-openjdk-cygwin\jdk8u\hotspot\src\share\vm\classfile\systemDictionary.cpp, line 210]
Event: 52.915 Thread 0x000000001b635800 Exception <a 'java/lang/ClassNotFoundException': groovy/util/BuilderSupportCustomizer> (0x00000000e01b20d0) thrown at [D:\src\AOSP-openjdk-cygwin\jdk8u\hotspot\src\share\vm\classfile\systemDictionary.cpp, line 210]
Event: 52.916 Thread 0x000000001b635800 Exception <a 'java/lang/ClassNotFoundException': groovy/util/AntBuilderCustomizer> (0x00000000e01d5318) thrown at [D:\src\AOSP-openjdk-cygwin\jdk8u\hotspot\src\share\vm\classfile\systemDictionary.cpp, line 210]
Event: 52.917 Thread 0x000000001b635800 Exception <a 'java/lang/ClassNotFoundException': org/gradle/api/AntBuilderCustomizer> (0x00000000e01fd6f8) thrown at [D:\src\AOSP-openjdk-cygwin\jdk8u\hotspot\src\share\vm\classfile\systemDictionary.cpp, line 210]
Event: 52.919 Thread 0x000000001b635800 Exception <a 'java/lang/ClassNotFoundException': org/gradle/api/internal/project/ant/BasicAntBuilderCustomizer> (0x00000000e0239a60) thrown at [D:\src\AOSP-openjdk-cygwin\jdk8u\hotspot\src\share\vm\classfile\systemDictionary.cpp, line 210]
Event: 52.923 Thread 0x000000001b635800 Exception <a 'java/lang/ClassNotFoundException': org/gradle/api/internal/project/DefaultAntBuilderCustomizer> (0x00000000e027cbe0) thrown at [D:\src\AOSP-openjdk-cygwin\jdk8u\hotspot\src\share\vm\classfile\systemDictionary.cpp, line 210]
Event: 53.818 Thread 0x000000001b635800 Exception <a 'sun/nio/fs/WindowsException'> (0x00000000e04c8798) thrown at [D:\src\AOSP-openjdk-cygwin\jdk8u\hotspot\src\share\vm\prims\jni.cpp, line 709]

Events (10 events):
Event: 54.473 loading class org/gradle/process/internal/health/memory/DefaultMemoryManager$MemoryCheck done
Event: 54.474 Thread 0x000000001e9aa000 Thread added: 0x000000001e9aa000
Event: 54.476 loading class org/gradle/process/internal/worker/DefaultWorkerProcessFactory
Event: 54.476 loading class org/gradle/process/internal/worker/DefaultWorkerProcessFactory done
Event: 54.500 loading class org/gradle/process/internal/worker/SingleRequestWorkerProcessBuilder
Event: 54.500 loading class org/gradle/process/internal/worker/SingleRequestWorkerProcessBuilder done
Event: 54.500 loading class org/gradle/process/internal/worker/WorkerProcessSettings
Event: 54.500 loading class org/gradle/process/internal/worker/WorkerProcessSettings done
Event: 54.520 loading class org/gradle/process/internal/worker/MultiRequestWorkerProcessBuilder
Event: 54.520 loading class org/gradle/process/internal/worker/MultiRequestWorkerProcessBuilder done


Dynamic libraries:
0x00007ff72d5a0000 - 0x00007ff72d5d1000 	C:\Program Files\Android\Android Studio1\jre\bin\java.exe
0x00007fff707f0000 - 0x00007fff709d0000 	C:\WINDOWS\SYSTEM32\ntdll.dll
0x00007fff6fe00000 - 0x00007fff6feae000 	C:\WINDOWS\System32\KERNEL32.DLL
0x00007fff6ce80000 - 0x00007fff6d0e6000 	C:\WINDOWS\System32\KERNELBASE.dll
0x00007fff6f140000 - 0x00007fff6f1e1000 	C:\WINDOWS\System32\ADVAPI32.dll
0x00007fff6f690000 - 0x00007fff6f72d000 	C:\WINDOWS\System32\msvcrt.dll
0x00007fff70300000 - 0x00007fff7035b000 	C:\WINDOWS\System32\sechost.dll
0x00007fff706a0000 - 0x00007fff707bf000 	C:\WINDOWS\System32\RPCRT4.dll
0x00007fff6f810000 - 0x00007fff6f99f000 	C:\WINDOWS\System32\USER32.dll
0x00007fff6d370000 - 0x00007fff6d390000 	C:\WINDOWS\System32\win32u.dll
0x00007fff70360000 - 0x00007fff70388000 	C:\WINDOWS\System32\GDI32.dll
0x00007fff6cce0000 - 0x00007fff6ce73000 	C:\WINDOWS\System32\gdi32full.dll
0x00007fff6cc40000 - 0x00007fff6ccdb000 	C:\WINDOWS\System32\msvcp_win.dll
0x00007fff6db60000 - 0x00007fff6dc56000 	C:\WINDOWS\System32\ucrtbase.dll
0x00007fff5dfe0000 - 0x00007fff5e249000 	C:\WINDOWS\WinSxS\amd64_microsoft.windows.common-controls_6595b64144ccf1df_6.0.16299.125_none_15cbcf8893620c09\COMCTL32.dll
0x00007fff70390000 - 0x00007fff70698000 	C:\WINDOWS\System32\combase.dll
0x00007fff6dae0000 - 0x00007fff6db52000 	C:\WINDOWS\System32\bcryptPrimitives.dll
0x00007fff6dcc0000 - 0x00007fff6dced000 	C:\WINDOWS\System32\IMM32.DLL
0x0000000075cf0000 - 0x0000000075dc2000 	C:\Program Files\Android\Android Studio1\jre\jre\bin\msvcr100.dll
0x0000000073d00000 - 0x000000007453e000 	C:\Program Files\Android\Android Studio1\jre\jre\bin\server\jvm.dll
0x00007fff6f800000 - 0x00007fff6f808000 	C:\WINDOWS\System32\PSAPI.DLL
0x00007fff664b0000 - 0x00007fff664d3000 	C:\WINDOWS\SYSTEM32\WINMM.dll
0x00007fff5c950000 - 0x00007fff5c95a000 	C:\WINDOWS\SYSTEM32\VERSION.dll
0x00007fff67500000 - 0x00007fff67509000 	C:\WINDOWS\SYSTEM32\WSOCK32.dll
0x00007fff6f730000 - 0x00007fff6f79c000 	C:\WINDOWS\System32\WS2_32.dll
0x00007fff65d20000 - 0x00007fff65d4a000 	C:\WINDOWS\SYSTEM32\winmmbase.dll
0x00007fff6cbf0000 - 0x00007fff6cc3a000 	C:\WINDOWS\System32\cfgmgr32.dll
0x00007fff64700000 - 0x00007fff6470f000 	C:\Program Files\Android\Android Studio1\jre\jre\bin\verify.dll
0x00007fff5d560000 - 0x00007fff5d589000 	C:\Program Files\Android\Android Studio1\jre\jre\bin\java.dll
0x00007fff5d520000 - 0x00007fff5d536000 	C:\Program Files\Android\Android Studio1\jre\jre\bin\zip.dll
0x00007fff6dd00000 - 0x00007fff6f136000 	C:\WINDOWS\System32\SHELL32.dll
0x00007fff6fd50000 - 0x00007fff6fdf6000 	C:\WINDOWS\System32\shcore.dll
0x00007fff6d390000 - 0x00007fff6dad7000 	C:\WINDOWS\System32\windows.storage.dll
0x00007fff6f1f0000 - 0x00007fff6f241000 	C:\WINDOWS\System32\shlwapi.dll
0x00007fff6cb40000 - 0x00007fff6cb51000 	C:\WINDOWS\System32\kernel.appcore.dll
0x00007fff6cb60000 - 0x00007fff6cbac000 	C:\WINDOWS\System32\powrprof.dll
0x00007fff6cbd0000 - 0x00007fff6cbeb000 	C:\WINDOWS\System32\profapi.dll
0x00007fff5d500000 - 0x00007fff5d51a000 	C:\Program Files\Android\Android Studio1\jre\jre\bin\net.dll
0x00007fff6c3d0000 - 0x00007fff6c436000 	C:\WINDOWS\system32\mswsock.dll
0x00007fff5d2a0000 - 0x00007fff5d2b1000 	C:\Program Files\Android\Android Studio1\jre\jre\bin\nio.dll
0x00007fff5c0b0000 - 0x00007fff5c0ce000 	C:\Users\uleho\.gradle\native\25\windows-amd64\native-platform.dll
0x00007fff5eb10000 - 0x00007fff5eb1d000 	C:\Program Files\Android\Android Studio1\jre\jre\bin\management.dll
0x00007fff6c590000 - 0x00007fff6c5a7000 	C:\WINDOWS\SYSTEM32\CRYPTSP.dll
0x00007fff6bfe0000 - 0x00007fff6c013000 	C:\WINDOWS\system32\rsaenh.dll
0x00007fff6c6a0000 - 0x00007fff6c6c5000 	C:\WINDOWS\SYSTEM32\bcrypt.dll
0x00007fff6ca40000 - 0x00007fff6ca69000 	C:\WINDOWS\SYSTEM32\USERENV.dll
0x00007fff6c5b0000 - 0x00007fff6c5bb000 	C:\WINDOWS\SYSTEM32\CRYPTBASE.dll
0x00007fff6c160000 - 0x00007fff6c199000 	C:\WINDOWS\SYSTEM32\IPHLPAPI.DLL
0x00007fff6dcf0000 - 0x00007fff6dcf8000 	C:\WINDOWS\System32\NSI.dll
0x00007fff6a330000 - 0x00007fff6a346000 	C:\WINDOWS\SYSTEM32\dhcpcsvc6.DLL
0x00007fff6a310000 - 0x00007fff6a32a000 	C:\WINDOWS\SYSTEM32\dhcpcsvc.DLL

VM Arguments:
jvm_args: -Xmx1536m -Dfile.encoding=windows-1250 -Duser.country=CZ -Duser.language=cs -Duser.variant 
java_command: org.gradle.launcher.daemon.bootstrap.GradleDaemon 4.1
java_class_path (initial): C:\Users\uleho\.gradle\wrapper\dists\gradle-4.1-all\bzyivzo6n839fup2jbap0tjew\gradle-4.1\lib\gradle-launcher-4.1.jar
Launcher Type: SUN_STANDARD

Environment Variables:
PATH=C:\ProgramData\Oracle\Java\javapath;C:\WINDOWS\system32;C:\WINDOWS;C:\WINDOWS\System32\Wbem;C:\WINDOWS\System32\WindowsPowerShell\v1.0\;C:\Program Files (x86)\Skype\Phone\;C:\Program Files\Git\cmd;C:\Users\uleho\AppData\Local\Microsoft\WindowsApps;
USERNAME=uLeho
OS=Windows_NT
PROCESSOR_IDENTIFIER=Intel64 Family 6 Model 78 Stepping 3, GenuineIntel



---------------  S Y S T E M  ---------------

OS: Windows 10.0 , 64 bit Build 16299 (10.0.16299.15)

CPU:total 4 (initial active 4) (2 cores per cpu, 2 threads per core) family 6 model 78 stepping 3, cmov, cx8, fxsr, mmx, sse, sse2, sse3, ssse3, sse4.1, sse4.2, popcnt, avx, avx2, aes, clmul, erms, 3dnowpref, lzcnt, ht, tsc, tscinvbit, bmi1, bmi2, adx

Memory: 4k page, physical 4074592k(195576k free), swap 16657504k(3164k free)

vm_info: OpenJDK 64-Bit Server VM (25.152-b01) for windows-amd64 JRE (1.8.0_152-release-915-b01), built by "builder" with MS VC++ 10.0 (VS2010)

time: Fri Jan 12 16:22:17 2018
elapsed time: 54 seconds (0d 0h 0m 54s)

